#
# A fatal error has been detected by the Java Runtime Environment:
#
#  SIGSEGV (0xb) at pc=0x000000010a751c94, pid=41824, tid=21763
#
# JRE version: Java(TM) SE Runtime Environment (9.0+11) (build 9.0.4+11)
# Java VM: Java HotSpot(TM) 64-Bit Server VM (9.0.4+11, mixed mode, tiered, compressed oops, g1 gc, bsd-amd64)
# Problematic frame:
# V  [libjvm.dylib+0x351c94]
#
# No core dump will be written. Core dumps have been disabled. To enable core dumping, try "ulimit -c unlimited" before starting Java again
#
# If you would like to submit a bug report, please visit:
#   http://bugreport.java.com/bugreport/crash.jsp
#

---------------  S U M M A R Y ------------

Command Line: -agentlib:jdwp=transport=dt_socket,address=127.0.0.1:50458,suspend=y,server=n -Dfile.encoding=UTF-8 MapServer

Host: MacBookPro13,3 x86_64 2700 MHz, 8 cores, 16G, Darwin 17.4.0
Time: Tue Apr 17 14:27:54 2018 PDT elapsed time: 750 seconds (0d 0h 12m 30s)

---------------  T H R E A D  ---------------

Current thread (0x00007fc681013000):  VMThread "VM Thread" [stack: 0x00007000050d7000,0x00007000051d7000] [id=21763]

Stack: [0x00007000050d7000,0x00007000051d7000],  sp=0x00007000051d6630,  free space=1021k
Native frames: (J=compiled Java code, A=aot compiled Java code, j=interpreted, Vv=VM code, C=native code)
V  [libjvm.dylib+0x351c94]
V  [libjvm.dylib+0x3506d9]
V  [libjvm.dylib+0x3503ef]
V  [libjvm.dylib+0x3500d5]
V  [libjvm.dylib+0x352617]
V  [libjvm.dylib+0x5e8c48]
V  [libjvm.dylib+0x5e93ac]
V  [libjvm.dylib+0x5e9a7b]
V  [libjvm.dylib+0x5e98a7]
V  [libjvm.dylib+0x5b2be7]
V  [libjvm.dylib+0x4a7431]
V  [libjvm.dylib+0x747827]
V  [libjvm.dylib+0x746e9c]
V  [libjvm.dylib+0x746b8e]
V  [libjvm.dylib+0x7467b9]
V  [libjvm.dylib+0x5f02f3]
C  [libsystem_pthread.dylib+0x36c1]  _pthread_body+0x154
C  [libsystem_pthread.dylib+0x356d]  _pthread_body+0x0
C  [libsystem_pthread.dylib+0x2c5d]  thread_start+0xd


siginfo: si_signo: 11 (SIGSEGV), si_code: 1 (SEGV_MAPERR), si_addr: 0x0000000000000006

Register to memory mapping:

RAX=0x0000000000000000 is an unknown value
RBX=0x000000011073bc48 is pointing into metadata
RCX=0x0000000000168540 is an unknown value
RDX=0x0000000000000000 is an unknown value
RSP=0x00007000051d6630 is an unknown value
RBP=0x00007000051d6680 is an unknown value
RSI=0x0000000000000000 is an unknown value
RDI=0x000000011073bc48 is pointing into metadata
R8 =0x000000000000002a is an unknown value
R9 =0x000000008fffffff is an unknown value
R10=0x0000000000000003 is an unknown value
R11=0xffffffffffffff78 is an unknown value
R12=0x000000000000002a is an unknown value
R13=0x0000000000000001 is an unknown value
R14=0x0000000000000001 is an unknown value
R15=0x00007000051d6858 is an unknown value


Registers:
RAX=0x0000000000000000, RBX=0x000000011073bc48, RCX=0x0000000000168540, RDX=0x0000000000000000
RSP=0x00007000051d6630, RBP=0x00007000051d6680, RSI=0x0000000000000000, RDI=0x000000011073bc48
R8 =0x000000000000002a, R9 =0x000000008fffffff, R10=0x0000000000000003, R11=0xffffffffffffff78
R12=0x000000000000002a, R13=0x0000000000000001, R14=0x0000000000000001, R15=0x00007000051d6858
RIP=0x000000010a751c94, EFLAGS=0x0000000000010202, ERR=0x0000000000000004
  TRAPNO=0x000000000000000e

Top of Stack: (sp=0x00007000051d6630)
0x00007000051d6630:   000000004fffffff 8fffffff8fffffff
0x00007000051d6640:   000000010a751068 00007000051d6690
0x00007000051d6650:   76c6c066825b002a 00007000051d6858
0x00007000051d6660:   00007000051d6690 0000000000000043
0x00007000051d6670:   00007000051d6698 00007fc682b7ab30
0x00007000051d6680:   00007000051d66f0 000000010a7506d9
0x00007000051d6690:   00007000051d66b0 000000011073da58
0x00007000051d66a0:   00007fc681013000 0000002d0000002a
0x00007000051d66b0:   000000b200000043 000000b20a740000
0x00007000051d66c0:   76c6c066825b002a 0000000000000002
0x00007000051d66d0:   00007fc682b7aa80 00007000051d69a0
0x00007000051d66e0:   00007000051d6858 0000000000000050
0x00007000051d66f0:   00007000051d6720 000000010a7503ef
0x00007000051d6700:   0000000000000000 00007000051d6858
0x00007000051d6710:   00007fc681013000 00007fc682b7aa80
0x00007000051d6720:   00007000051d6740 000000010a7500d5
0x00007000051d6730:   76c6c066825b002a 00007000051d6858
0x00007000051d6740:   00007000051d67e0 000000010a752617
0x00007000051d6750:   76c6c066825b0000 0000000000000000
0x00007000051d6760:   000000010ab6d75f 00007fff99d4e600
0x00007000051d6770:   ffffffffffffffff 0000000000000000
0x00007000051d6780:   0000000000000000 00007fff60dd0100
0x00007000051d6790:   0000000000000000 00007000051d6b80
0x00007000051d67a0:   00007000051d6700 0000000000000000
0x00007000051d67b0:   000000010ab9c1b9 0000000000000000
0x00007000051d67c0:   00007000051d6858 00007000051d6848
0x00007000051d67d0:   00007fc681013000 00007000051d6858
0x00007000051d67e0:   00007000051d6830 000000010a9e8c48
0x00007000051d67f0:   00007fc680e12e20 00007fc682b7aa20
0x00007000051d6800:   00007fc682b7aa30 00007fc682b7ae08
0x00007000051d6810:   00000000000003d8 00007fc682984980
0x00007000051d6820:   0000000000000043 00007000051d6858 

Instructions: (pc=0x000000010a751c94)
0x000000010a751c74:   8b 58 08 31 d2 48 89 df 89 ce e8 11 3c f1 ff 48
0x000000010a751c84:   89 df 89 c6 e8 8b 3c f1 ff 48 98 48 8b 44 c3 48
0x000000010a751c94:   0f be 48 06 48 8d 05 c5 39 61 00 83 f9 49 7f 0a
0x000000010a751ca4:   0f b6 c9 83 f9 44 75 50 eb 55 0f be d1 83 fa 55 

VM_Operation (0x0000700005bf4a18): GetOrSetLocal, mode: safepoint, requested by thread 0x00007fc68202c800


---------------  P R O C E S S  ---------------

Java Threads: ( => current thread )
  0x00007fc68131a000 JavaThread "Thread-0" [_thread_in_Java, id=37383, stack(0x0000700006004000,0x0000700006104000)]
  0x00007fc68301a000 JavaThread "Service Thread" daemon [_thread_blocked, id=25859, stack(0x0000700005dfe000,0x0000700005efe000)]
  0x00007fc68202e000 JavaThread "JDWP Command Reader" daemon [_thread_in_native, id=38147, stack(0x0000700005cfb000,0x0000700005dfb000)]
  0x00007fc68202d800 JavaThread "JDWP Event Helper Thread" daemon [_thread_blocked, id=38659, stack(0x0000700005bf8000,0x0000700005cf8000)]
  0x00007fc68202c800 JavaThread "JDWP Transport Listener: dt_socket" daemon [_thread_blocked, id=25095, stack(0x0000700005af5000,0x0000700005bf5000)]
  0x00007fc68491b000 JavaThread "Common-Cleaner" daemon [_thread_blocked, id=24835, stack(0x00007000059f2000,0x0000700005af2000)]
  0x00007fc68300d000 JavaThread "Sweeper thread" daemon [_thread_blocked, id=39171, stack(0x00007000058ef000,0x00007000059ef000)]
  0x00007fc68300c000 JavaThread "C1 CompilerThread3" daemon [_thread_blocked, id=39427, stack(0x00007000057ec000,0x00007000058ec000)]
  0x00007fc68490e800 JavaThread "C2 CompilerThread2" daemon [_thread_blocked, id=39939, stack(0x00007000056e9000,0x00007000057e9000)]
  0x00007fc6848fa000 JavaThread "C2 CompilerThread1" daemon [_thread_blocked, id=40195, stack(0x00007000055e6000,0x00007000056e6000)]
  0x00007fc6848f9000 JavaThread "C2 CompilerThread0" daemon [_thread_blocked, id=40451, stack(0x00007000054e3000,0x00007000055e3000)]
  0x00007fc6848ff000 JavaThread "Signal Dispatcher" daemon [_thread_blocked, id=40715, stack(0x00007000053e0000,0x00007000054e0000)]
  0x00007fc68400a800 JavaThread "Finalizer" daemon [_thread_blocked, id=43011, stack(0x00007000052dd000,0x00007000053dd000)]
  0x00007fc6848ed800 JavaThread "Reference Handler" daemon [_thread_blocked, id=43267, stack(0x00007000051da000,0x00007000052da000)]
  0x00007fc684001800 JavaThread "main" [_thread_blocked, id=6403, stack(0x0000700003b98000,0x0000700003c98000)]

Other Threads:
=>0x00007fc681013000 VMThread "VM Thread" [stack: 0x00007000050d7000,0x00007000051d7000] [id=21763]
  0x00007fc685015800 WatcherThread [stack: 0x0000700005f01000,0x0000700006001000] [id=37635]
  0x00007fc684805800 GCTaskThread "GC Thread#0" [stack: 0x0000700003c9b000,0x0000700003d9b000] [id=11011]
  0x00007fc684806000 GCTaskThread "GC Thread#1" [stack: 0x0000700003d9e000,0x0000700003e9e000] [id=11523]
  0x00007fc684807000 GCTaskThread "GC Thread#2" [stack: 0x0000700003ea1000,0x0000700003fa1000] [id=11779]
  0x00007fc684807800 GCTaskThread "GC Thread#3" [stack: 0x0000700003fa4000,0x00007000040a4000] [id=12035]
  0x00007fc684808000 GCTaskThread "GC Thread#4" [stack: 0x00007000040a7000,0x00007000041a7000] [id=20739]
  0x00007fc684808800 GCTaskThread "GC Thread#5" [stack: 0x00007000041aa000,0x00007000042aa000] [id=20227]
  0x00007fc684809800 GCTaskThread "GC Thread#6" [stack: 0x00007000042ad000,0x00007000043ad000] [id=12547]
  0x00007fc68480a000 GCTaskThread "GC Thread#7" [stack: 0x00007000043b0000,0x00007000044b0000] [id=13059]
  0x00007fc682003000 ConcurrentGCThread "G1 Main Marker" [stack: 0x0000700004dce000,0x0000700004ece000] [id=15107]
  0x00007fc684835000 ConcurrentGCThread "G1 Marker#0" [stack: 0x0000700004ed1000,0x0000700004fd1000] [id=16387]
  0x00007fc684835800 ConcurrentGCThread "G1 Marker#1" [stack: 0x0000700004fd4000,0x00007000050d4000] [id=15619]
  0x00007fc684810000 ConcurrentGCThread "G1 Refine#0" [stack: 0x0000700004bc8000,0x0000700004cc8000] [id=17667]
  0x00007fc68480f000 ConcurrentGCThread "G1 Refine#1" [stack: 0x0000700004ac5000,0x0000700004bc5000] [id=18179]
  0x00007fc68480e800 ConcurrentGCThread "G1 Refine#2" [stack: 0x00007000049c2000,0x0000700004ac2000] [id=14339]
  0x00007fc68480d800 ConcurrentGCThread "G1 Refine#3" [stack: 0x00007000048bf000,0x00007000049bf000] [id=18691]
  0x00007fc68480d000 ConcurrentGCThread "G1 Refine#4" [stack: 0x00007000047bc000,0x00007000048bc000] [id=13827]
  0x00007fc68480c000 ConcurrentGCThread "G1 Refine#5" [stack: 0x00007000046b9000,0x00007000047b9000] [id=18947]
  0x00007fc68480b800 ConcurrentGCThread "G1 Refine#6" [stack: 0x00007000045b6000,0x00007000046b6000] [id=13315]
  0x00007fc68480a800 ConcurrentGCThread "G1 Refine#7" [stack: 0x00007000044b3000,0x00007000045b3000] [id=19715]
  0x00007fc684810800 ConcurrentGCThread "G1 Young RemSet Sampling" [stack: 0x0000700004ccb000,0x0000700004dcb000] [id=17411]

Threads with active compile tasks:

VM state:at safepoint (normal execution)

VM Mutex/Monitor currently owned by a thread:  ([mutex/lock_event])
[0x00007fc682805d50] Threads_lock - owner thread: 0x00007fc681013000

Heap address: 0x00000006c0000000, size: 4096 MB, Compressed Oops mode: Zero based, Oop shift amount: 3
Narrow klass base: 0x0000000000000000, Narrow klass shift: 3
Compressed class space size: 1073741824 Address: 0x00000007c0000000

Heap:
 garbage-first heap   total 324608K, used 119172K [0x00000006c0000000, 0x00000006c01009e8, 0x00000007c0000000)
  region size 1024K, 39 young (39936K), 8 survivors (8192K)
 Metaspace       used 10228K, capacity 10616K, committed 10880K, reserved 1058816K
  class space    used 966K, capacity 1050K, committed 1152K, reserved 1048576K
Heap Regions: E=young(eden), S=young(survivor), O=old, HS=humongous(starts), HC=humongous(continues), CS=collection set, F=free, A=archive, TS=gc time stamp, AC=allocation context, TAMS=top-at-mark-start (previous, next)
|   0|0x00000006c0000000, 0x00000006c0100000, 0x00000006c0100000|100%| O|  |TS  1|AC  0|TAMS 0x00000006c0000000, 0x00000006c0000000|
|   1|0x00000006c0100000, 0x00000006c0200000, 0x00000006c0200000|100%| O|  |TS  1|AC  0|TAMS 0x00000006c0100000, 0x00000006c0100000|
|   2|0x00000006c0200000, 0x00000006c0300000, 0x00000006c0300000|100%| O|  |TS  1|AC  0|TAMS 0x00000006c0200000, 0x00000006c0200000|
|   3|0x00000006c0300000, 0x00000006c0400000, 0x00000006c0400000|100%| O|  |TS  1|AC  0|TAMS 0x00000006c0300000, 0x00000006c0300000|
|   4|0x00000006c0400000, 0x00000006c0500000, 0x00000006c0500000|100%| O|  |TS  1|AC  0|TAMS 0x00000006c0400000, 0x00000006c0400000|
|   5|0x00000006c0500000, 0x00000006c0600000, 0x00000006c0600000|100%| O|  |TS  3|AC  0|TAMS 0x00000006c0500000, 0x00000006c0500000|
|   6|0x00000006c0600000, 0x00000006c0700000, 0x00000006c0700000|100%|HS|  |TS  0|AC  0|TAMS 0x00000006c0600000, 0x00000006c0600000|
|   7|0x00000006c0700000, 0x00000006c0800000, 0x00000006c0800000|100%| O|  |TS  3|AC  0|TAMS 0x00000006c0700000, 0x00000006c0700000|
|   8|0x00000006c0800000, 0x00000006c0900000, 0x00000006c0900000|100%| O|  |TS  3|AC  0|TAMS 0x00000006c0800000, 0x00000006c0800000|
|   9|0x00000006c0900000, 0x00000006c0a00000, 0x00000006c0a00000|100%| O|  |TS  3|AC  0|TAMS 0x00000006c0900000, 0x00000006c0900000|
|  10|0x00000006c0a00000, 0x00000006c0b00000, 0x00000006c0b00000|100%| O|  |TS  3|AC  0|TAMS 0x00000006c0a00000, 0x00000006c0a00000|
|  11|0x00000006c0b00000, 0x00000006c0c00000, 0x00000006c0c00000|100%| O|  |TS  3|AC  0|TAMS 0x00000006c0b00000, 0x00000006c0b00000|
|  12|0x00000006c0c00000, 0x00000006c0d00000, 0x00000006c0d00000|100%| O|  |TS  3|AC  0|TAMS 0x00000006c0c00000, 0x00000006c0c00000|
|  13|0x00000006c0d00000, 0x00000006c0e00000, 0x00000006c0e00000|100%|HS|  |TS  0|AC  0|TAMS 0x00000006c0d00000, 0x00000006c0d00000|
|  14|0x00000006c0e00000, 0x00000006c0f00000, 0x00000006c0f00000|100%|HC|  |TS  0|AC  0|TAMS 0x00000006c0e00000, 0x00000006c0e00000|
|  15|0x00000006c0f00000, 0x00000006c1000000, 0x00000006c1000000|100%| O|  |TS  5|AC  0|TAMS 0x00000006c0f00000, 0x00000006c0f00000|
|  16|0x00000006c1000000, 0x00000006c1100000, 0x00000006c1100000|100%| O|  |TS  5|AC  0|TAMS 0x00000006c1000000, 0x00000006c1000000|
|  17|0x00000006c1100000, 0x00000006c1200000, 0x00000006c1200000|100%| O|  |TS  5|AC  0|TAMS 0x00000006c1100000, 0x00000006c1100000|
|  18|0x00000006c1200000, 0x00000006c1300000, 0x00000006c1300000|100%| O|  |TS  5|AC  0|TAMS 0x00000006c1200000, 0x00000006c1200000|
|  19|0x00000006c1300000, 0x00000006c1400000, 0x00000006c1400000|100%| O|  |TS  5|AC  0|TAMS 0x00000006c1300000, 0x00000006c1300000|
|  20|0x00000006c1400000, 0x00000006c1500000, 0x00000006c1500000|100%| O|  |TS  7|AC  0|TAMS 0x00000006c1400000, 0x00000006c1400000|
|  21|0x00000006c1500000, 0x00000006c1600000, 0x00000006c1600000|100%| O|  |TS  7|AC  0|TAMS 0x00000006c1500000, 0x00000006c1500000|
|  22|0x00000006c1600000, 0x00000006c1700000, 0x00000006c1700000|100%| O|  |TS  7|AC  0|TAMS 0x00000006c1600000, 0x00000006c1600000|
|  23|0x00000006c1700000, 0x00000006c1800000, 0x00000006c1800000|100%| O|  |TS  7|AC  0|TAMS 0x00000006c1700000, 0x00000006c1700000|
|  24|0x00000006c1800000, 0x00000006c1900000, 0x00000006c1900000|100%| O|  |TS  7|AC  0|TAMS 0x00000006c1800000, 0x00000006c1800000|
|  25|0x00000006c1900000, 0x00000006c1a00000, 0x00000006c1a00000|100%| O|  |TS  7|AC  0|TAMS 0x00000006c1900000, 0x00000006c1900000|
|  26|0x00000006c1a00000, 0x00000006c1b00000, 0x00000006c1b00000|100%| O|  |TS  7|AC  0|TAMS 0x00000006c1a00000, 0x00000006c1a00000|
|  27|0x00000006c1b00000, 0x00000006c1c00000, 0x00000006c1c00000|100%| O|  |TS  7|AC  0|TAMS 0x00000006c1b00000, 0x00000006c1b00000|
|  28|0x00000006c1c00000, 0x00000006c1d00000, 0x00000006c1d00000|100%| O|  |TS  7|AC  0|TAMS 0x00000006c1c00000, 0x00000006c1c00000|
|  29|0x00000006c1d00000, 0x00000006c1e00000, 0x00000006c1e00000|100%| O|  |TS  9|AC  0|TAMS 0x00000006c1d00000, 0x00000006c1d00000|
|  30|0x00000006c1e00000, 0x00000006c1f00000, 0x00000006c1f00000|100%|HS|  |TS  0|AC  0|TAMS 0x00000006c1e00000, 0x00000006c1e00000|
|  31|0x00000006c1f00000, 0x00000006c2000000, 0x00000006c2000000|100%|HC|  |TS  0|AC  0|TAMS 0x00000006c1f00000, 0x00000006c1f00000|
|  32|0x00000006c2000000, 0x00000006c2100000, 0x00000006c2100000|100%|HC|  |TS  0|AC  0|TAMS 0x00000006c2000000, 0x00000006c2000000|
|  33|0x00000006c2100000, 0x00000006c2200000, 0x00000006c2200000|100%| O|  |TS  9|AC  0|TAMS 0x00000006c2100000, 0x00000006c2100000|
|  34|0x00000006c2200000, 0x00000006c2300000, 0x00000006c2300000|100%| O|  |TS  9|AC  0|TAMS 0x00000006c2200000, 0x00000006c2200000|
|  35|0x00000006c2300000, 0x00000006c2400000, 0x00000006c2400000|100%| O|  |TS  9|AC  0|TAMS 0x00000006c2300000, 0x00000006c2300000|
|  36|0x00000006c2400000, 0x00000006c2500000, 0x00000006c2500000|100%| O|  |TS  9|AC  0|TAMS 0x00000006c2400000, 0x00000006c2400000|
|  37|0x00000006c2500000, 0x00000006c2600000, 0x00000006c2600000|100%| O|  |TS  9|AC  0|TAMS 0x00000006c2500000, 0x00000006c2500000|
|  38|0x00000006c2600000, 0x00000006c2700000, 0x00000006c2700000|100%| O|  |TS  9|AC  0|TAMS 0x00000006c2600000, 0x00000006c2600000|
|  39|0x00000006c2700000, 0x00000006c2800000, 0x00000006c2800000|100%| O|  |TS  9|AC  0|TAMS 0x00000006c2700000, 0x00000006c2700000|
|  40|0x00000006c2800000, 0x00000006c2900000, 0x00000006c2900000|100%| O|  |TS  9|AC  0|TAMS 0x00000006c2800000, 0x00000006c2800000|
|  41|0x00000006c2900000, 0x00000006c2a00000, 0x00000006c2a00000|100%| O|  |TS  9|AC  0|TAMS 0x00000006c2900000, 0x00000006c2900000|
|  42|0x00000006c2a00000, 0x00000006c2b00000, 0x00000006c2b00000|100%| O|  |TS  9|AC  0|TAMS 0x00000006c2a00000, 0x00000006c2a00000|
|  43|0x00000006c2b00000, 0x00000006c2c00000, 0x00000006c2c00000|100%| O|  |TS  9|AC  0|TAMS 0x00000006c2b00000, 0x00000006c2b00000|
|  44|0x00000006c2c00000, 0x00000006c2d00000, 0x00000006c2d00000|100%| O|  |TS 11|AC  0|TAMS 0x00000006c2c00000, 0x00000006c2c00000|
|  45|0x00000006c2d00000, 0x00000006c2e00000, 0x00000006c2e00000|100%| O|  |TS 11|AC  0|TAMS 0x00000006c2d00000, 0x00000006c2d00000|
|  46|0x00000006c2e00000, 0x00000006c2f00000, 0x00000006c2f00000|100%| O|  |TS 11|AC  0|TAMS 0x00000006c2e00000, 0x00000006c2e00000|
|  47|0x00000006c2f00000, 0x00000006c3000000, 0x00000006c3000000|100%| O|  |TS 11|AC  0|TAMS 0x00000006c2f00000, 0x00000006c2f00000|
|  48|0x00000006c3000000, 0x00000006c3100000, 0x00000006c3100000|100%| O|  |TS 11|AC  0|TAMS 0x00000006c3000000, 0x00000006c3000000|
|  49|0x00000006c3100000, 0x00000006c3200000, 0x00000006c3200000|100%| O|  |TS 11|AC  0|TAMS 0x00000006c3100000, 0x00000006c3100000|
|  50|0x00000006c3200000, 0x00000006c3300000, 0x00000006c3300000|100%| O|  |TS 11|AC  0|TAMS 0x00000006c3200000, 0x00000006c3200000|
|  51|0x00000006c3300000, 0x00000006c3400000, 0x00000006c3400000|100%| O|  |TS 11|AC  0|TAMS 0x00000006c3300000, 0x00000006c3300000|
|  52|0x00000006c3400000, 0x00000006c3500000, 0x00000006c3500000|100%| O|  |TS 11|AC  0|TAMS 0x00000006c3400000, 0x00000006c3400000|
|  53|0x00000006c3500000, 0x00000006c3600000, 0x00000006c3600000|100%| O|  |TS 11|AC  0|TAMS 0x00000006c3500000, 0x00000006c3500000|
|  54|0x00000006c3600000, 0x00000006c3700000, 0x00000006c3700000|100%| O|  |TS 11|AC  0|TAMS 0x00000006c3600000, 0x00000006c3600000|
|  55|0x00000006c3700000, 0x00000006c3800000, 0x00000006c3800000|100%| O|  |TS 11|AC  0|TAMS 0x00000006c3700000, 0x00000006c3700000|
|  56|0x00000006c3800000, 0x00000006c3900000, 0x00000006c3900000|100%| O|  |TS 11|AC  0|TAMS 0x00000006c3800000, 0x00000006c3800000|
|  57|0x00000006c3900000, 0x00000006c3a00000, 0x00000006c3a00000|100%| O|  |TS 11|AC  0|TAMS 0x00000006c3900000, 0x00000006c3900000|
|  58|0x00000006c3a00000, 0x00000006c3b00000, 0x00000006c3b00000|100%| O|  |TS 11|AC  0|TAMS 0x00000006c3a00000, 0x00000006c3a00000|
|  59|0x00000006c3b00000, 0x00000006c3c00000, 0x00000006c3c00000|100%| O|  |TS 11|AC  0|TAMS 0x00000006c3b00000, 0x00000006c3b00000|
|  60|0x00000006c3c00000, 0x00000006c3d00000, 0x00000006c3d00000|100%| O|  |TS 11|AC  0|TAMS 0x00000006c3c00000, 0x00000006c3c00000|
|  61|0x00000006c3d00000, 0x00000006c3e00000, 0x00000006c3e00000|100%| O|  |TS 11|AC  0|TAMS 0x00000006c3d00000, 0x00000006c3d00000|
|  62|0x00000006c3e00000, 0x00000006c3f00000, 0x00000006c3f00000|100%| O|  |TS 13|AC  0|TAMS 0x00000006c3e00000, 0x00000006c3e00000|
|  63|0x00000006c3f00000, 0x00000006c4000000, 0x00000006c4000000|100%|HS|  |TS  0|AC  0|TAMS 0x00000006c3f00000, 0x00000006c3f00000|
|  64|0x00000006c4000000, 0x00000006c4100000, 0x00000006c4100000|100%|HC|  |TS  0|AC  0|TAMS 0x00000006c4000000, 0x00000006c4000000|
|  65|0x00000006c4100000, 0x00000006c4200000, 0x00000006c4200000|100%|HC|  |TS  0|AC  0|TAMS 0x00000006c4100000, 0x00000006c4100000|
|  66|0x00000006c4200000, 0x00000006c4300000, 0x00000006c4300000|100%|HC|  |TS  0|AC  0|TAMS 0x00000006c4200000, 0x00000006c4200000|
|  67|0x00000006c4300000, 0x00000006c4400000, 0x00000006c4400000|100%|HC|  |TS  0|AC  0|TAMS 0x00000006c4300000, 0x00000006c4300000|
|  68|0x00000006c4400000, 0x00000006c4500000, 0x00000006c4500000|100%| O|  |TS 13|AC  0|TAMS 0x00000006c4400000, 0x00000006c4400000|
|  69|0x00000006c4500000, 0x00000006c4600000, 0x00000006c4600000|100%| O|  |TS 13|AC  0|TAMS 0x00000006c4500000, 0x00000006c4500000|
|  70|0x00000006c4600000, 0x00000006c4700000, 0x00000006c4700000|100%| O|  |TS 13|AC  0|TAMS 0x00000006c4600000, 0x00000006c4600000|
|  71|0x00000006c4700000, 0x00000006c4800000, 0x00000006c4800000|100%| O|  |TS 13|AC  0|TAMS 0x00000006c4700000, 0x00000006c4700000|
|  72|0x00000006c4800000, 0x00000006c4900000, 0x00000006c4900000|100%| O|  |TS 13|AC  0|TAMS 0x00000006c4800000, 0x00000006c4800000|
|  73|0x00000006c4900000, 0x00000006c4a00000, 0x00000006c4a00000|100%| O|  |TS 13|AC  0|TAMS 0x00000006c4900000, 0x00000006c4900000|
|  74|0x00000006c4a00000, 0x00000006c4b00000, 0x00000006c4b00000|100%| O|  |TS 13|AC  0|TAMS 0x00000006c4a00000, 0x00000006c4a00000|
|  75|0x00000006c4b00000, 0x00000006c4c00000, 0x00000006c4c00000|100%| O|  |TS 13|AC  0|TAMS 0x00000006c4b00000, 0x00000006c4b00000|
|  76|0x00000006c4c00000, 0x00000006c4d00000, 0x00000006c4d00000|100%| O|  |TS 13|AC  0|TAMS 0x00000006c4c00000, 0x00000006c4c00000|
|  77|0x00000006c4d00000, 0x00000006c4e00000, 0x00000006c4e00000|100%| O|  |TS 13|AC  0|TAMS 0x00000006c4d00000, 0x00000006c4d00000|
|  78|0x00000006c4e00000, 0x00000006c4e61000, 0x00000006c4f00000| 37%| O|  |TS 13|AC  0|TAMS 0x00000006c4e00000, 0x00000006c4e00000|
|  79|0x00000006c4f00000, 0x00000006c4f00000, 0x00000006c5000000|  0%| F|  |TS  0|AC  0|TAMS 0x00000006c4f00000, 0x00000006c4f00000|
|  80|0x00000006c5000000, 0x00000006c5000000, 0x00000006c5100000|  0%| F|  |TS  0|AC  0|TAMS 0x00000006c5000000, 0x00000006c5000000|
|  81|0x00000006c5100000, 0x00000006c5100000, 0x00000006c5200000|  0%| F|  |TS  0|AC  0|TAMS 0x00000006c5100000, 0x00000006c5100000|
|  82|0x00000006c5200000, 0x00000006c5200000, 0x00000006c5300000|  0%| F|  |TS  0|AC  0|TAMS 0x00000006c5200000, 0x00000006c5200000|
|  83|0x00000006c5300000, 0x00000006c5300000, 0x00000006c5400000|  0%| F|  |TS  0|AC  0|TAMS 0x00000006c5300000, 0x00000006c5300000|
|  84|0x00000006c5400000, 0x00000006c5400000, 0x00000006c5500000|  0%| F|  |TS  0|AC  0|TAMS 0x00000006c5400000, 0x00000006c5400000|
|  85|0x00000006c5500000, 0x00000006c5500000, 0x00000006c5600000|  0%| F|  |TS  0|AC  0|TAMS 0x00000006c5500000, 0x00000006c5500000|
|  86|0x00000006c5600000, 0x00000006c5600000, 0x00000006c5700000|  0%| F|  |TS  0|AC  0|TAMS 0x00000006c5600000, 0x00000006c5600000|
|  87|0x00000006c5700000, 0x00000006c5700000, 0x00000006c5800000|  0%| F|  |TS  0|AC  0|TAMS 0x00000006c5700000, 0x00000006c5700000|
|  88|0x00000006c5800000, 0x00000006c5800000, 0x00000006c5900000|  0%| F|  |TS  0|AC  0|TAMS 0x00000006c5800000, 0x00000006c5800000|
|  89|0x00000006c5900000, 0x00000006c5900000, 0x00000006c5a00000|  0%| F|  |TS  0|AC  0|TAMS 0x00000006c5900000, 0x00000006c5900000|
|  90|0x00000006c5a00000, 0x00000006c5a00000, 0x00000006c5b00000|  0%| F|  |TS  0|AC  0|TAMS 0x00000006c5a00000, 0x00000006c5a00000|
|  91|0x00000006c5b00000, 0x00000006c5b00000, 0x00000006c5c00000|  0%| F|  |TS  0|AC  0|TAMS 0x00000006c5b00000, 0x00000006c5b00000|
|  92|0x00000006c5c00000, 0x00000006c5c00000, 0x00000006c5d00000|  0%| F|  |TS  0|AC  0|TAMS 0x00000006c5c00000, 0x00000006c5c00000|
|  93|0x00000006c5d00000, 0x00000006c5d00000, 0x00000006c5e00000|  0%| F|  |TS  0|AC  0|TAMS 0x00000006c5d00000, 0x00000006c5d00000|
|  94|0x00000006c5e00000, 0x00000006c5e00000, 0x00000006c5f00000|  0%| F|  |TS  0|AC  0|TAMS 0x00000006c5e00000, 0x00000006c5e00000|
|  95|0x00000006c5f00000, 0x00000006c5f00000, 0x00000006c6000000|  0%| F|  |TS  0|AC  0|TAMS 0x00000006c5f00000, 0x00000006c5f00000|
|  96|0x00000006c6000000, 0x00000006c6000000, 0x00000006c6100000|  0%| F|  |TS  0|AC  0|TAMS 0x00000006c6000000, 0x00000006c6000000|
|  97|0x00000006c6100000, 0x00000006c6100000, 0x00000006c6200000|  0%| F|  |TS  0|AC  0|TAMS 0x00000006c6100000, 0x00000006c6100000|
|  98|0x00000006c6200000, 0x00000006c6200000, 0x00000006c6300000|  0%| F|  |TS  0|AC  0|TAMS 0x00000006c6200000, 0x00000006c6200000|
|  99|0x00000006c6300000, 0x00000006c6300000, 0x00000006c6400000|  0%| F|  |TS  0|AC  0|TAMS 0x00000006c6300000, 0x00000006c6300000|
| 100|0x00000006c6400000, 0x00000006c6400000, 0x00000006c6500000|  0%| F|  |TS  0|AC  0|TAMS 0x00000006c6400000, 0x00000006c6400000|
| 101|0x00000006c6500000, 0x00000006c6500000, 0x00000006c6600000|  0%| F|  |TS  0|AC  0|TAMS 0x00000006c6500000, 0x00000006c6500000|
| 102|0x00000006c6600000, 0x00000006c6600000, 0x00000006c6700000|  0%| F|  |TS  0|AC  0|TAMS 0x00000006c6600000, 0x00000006c6600000|
| 103|0x00000006c6700000, 0x00000006c6700000, 0x00000006c6800000|  0%| F|  |TS  0|AC  0|TAMS 0x00000006c6700000, 0x00000006c6700000|
| 104|0x00000006c6800000, 0x00000006c6800000, 0x00000006c6900000|  0%| F|  |TS  0|AC  0|TAMS 0x00000006c6800000, 0x00000006c6800000|
| 105|0x00000006c6900000, 0x00000006c6900000, 0x00000006c6a00000|  0%| F|  |TS  0|AC  0|TAMS 0x00000006c6900000, 0x00000006c6900000|
| 106|0x00000006c6a00000, 0x00000006c6a00000, 0x00000006c6b00000|  0%| F|  |TS  0|AC  0|TAMS 0x00000006c6a00000, 0x00000006c6a00000|
| 107|0x00000006c6b00000, 0x00000006c6b00000, 0x00000006c6c00000|  0%| F|  |TS  0|AC  0|TAMS 0x00000006c6b00000, 0x00000006c6b00000|
| 108|0x00000006c6c00000, 0x00000006c6c00000, 0x00000006c6d00000|  0%| F|  |TS  0|AC  0|TAMS 0x00000006c6c00000, 0x00000006c6c00000|
| 109|0x00000006c6d00000, 0x00000006c6d00000, 0x00000006c6e00000|  0%| F|  |TS  0|AC  0|TAMS 0x00000006c6d00000, 0x00000006c6d00000|
| 110|0x00000006c6e00000, 0x00000006c6e00000, 0x00000006c6f00000|  0%| F|  |TS  0|AC  0|TAMS 0x00000006c6e00000, 0x00000006c6e00000|
| 111|0x00000006c6f00000, 0x00000006c6f00000, 0x00000006c7000000|  0%| F|  |TS  0|AC  0|TAMS 0x00000006c6f00000, 0x00000006c6f00000|
| 112|0x00000006c7000000, 0x00000006c7000000, 0x00000006c7100000|  0%| F|  |TS  0|AC  0|TAMS 0x00000006c7000000, 0x00000006c7000000|
| 113|0x00000006c7100000, 0x00000006c7100000, 0x00000006c7200000|  0%| F|  |TS  0|AC  0|TAMS 0x00000006c7100000, 0x00000006c7100000|
| 114|0x00000006c7200000, 0x00000006c7200000, 0x00000006c7300000|  0%| F|  |TS  0|AC  0|TAMS 0x00000006c7200000, 0x00000006c7200000|
| 115|0x00000006c7300000, 0x00000006c7300000, 0x00000006c7400000|  0%| F|  |TS  0|AC  0|TAMS 0x00000006c7300000, 0x00000006c7300000|
| 116|0x00000006c7400000, 0x00000006c7400000, 0x00000006c7500000|  0%| F|  |TS  0|AC  0|TAMS 0x00000006c7400000, 0x00000006c7400000|
| 117|0x00000006c7500000, 0x00000006c7500000, 0x00000006c7600000|  0%| F|  |TS  0|AC  0|TAMS 0x00000006c7500000, 0x00000006c7500000|
| 118|0x00000006c7600000, 0x00000006c7600000, 0x00000006c7700000|  0%| F|  |TS  0|AC  0|TAMS 0x00000006c7600000, 0x00000006c7600000|
| 119|0x00000006c7700000, 0x00000006c7700000, 0x00000006c7800000|  0%| F|  |TS  0|AC  0|TAMS 0x00000006c7700000, 0x00000006c7700000|
| 120|0x00000006c7800000, 0x00000006c7800000, 0x00000006c7900000|  0%| F|  |TS  0|AC  0|TAMS 0x00000006c7800000, 0x00000006c7800000|
| 121|0x00000006c7900000, 0x00000006c7900000, 0x00000006c7a00000|  0%| F|  |TS  0|AC  0|TAMS 0x00000006c7900000, 0x00000006c7900000|
| 122|0x00000006c7a00000, 0x00000006c7a00000, 0x00000006c7b00000|  0%| F|  |TS  0|AC  0|TAMS 0x00000006c7a00000, 0x00000006c7a00000|
| 123|0x00000006c7b00000, 0x00000006c7b00000, 0x00000006c7c00000|  0%| F|  |TS  0|AC  0|TAMS 0x00000006c7b00000, 0x00000006c7b00000|
| 124|0x00000006c7c00000, 0x00000006c7c00000, 0x00000006c7d00000|  0%| F|  |TS  0|AC  0|TAMS 0x00000006c7c00000, 0x00000006c7c00000|
| 125|0x00000006c7d00000, 0x00000006c7d00000, 0x00000006c7e00000|  0%| F|  |TS  0|AC  0|TAMS 0x00000006c7d00000, 0x00000006c7d00000|
| 126|0x00000006c7e00000, 0x00000006c7e00000, 0x00000006c7f00000|  0%| F|  |TS  0|AC  0|TAMS 0x00000006c7e00000, 0x00000006c7e00000|
| 127|0x00000006c7f00000, 0x00000006c7f00000, 0x00000006c8000000|  0%| F|  |TS  0|AC  0|TAMS 0x00000006c7f00000, 0x00000006c7f00000|
| 128|0x00000006c8000000, 0x00000006c8000000, 0x00000006c8100000|  0%| F|  |TS  0|AC  0|TAMS 0x00000006c8000000, 0x00000006c8000000|
| 129|0x00000006c8100000, 0x00000006c8100000, 0x00000006c8200000|  0%| F|  |TS  0|AC  0|TAMS 0x00000006c8100000, 0x00000006c8100000|
| 130|0x00000006c8200000, 0x00000006c8200000, 0x00000006c8300000|  0%| F|  |TS  0|AC  0|TAMS 0x00000006c8200000, 0x00000006c8200000|
| 131|0x00000006c8300000, 0x00000006c8300000, 0x00000006c8400000|  0%| F|  |TS  0|AC  0|TAMS 0x00000006c8300000, 0x00000006c8300000|
| 132|0x00000006c8400000, 0x00000006c8400000, 0x00000006c8500000|  0%| F|  |TS  0|AC  0|TAMS 0x00000006c8400000, 0x00000006c8400000|
| 133|0x00000006c8500000, 0x00000006c8500000, 0x00000006c8600000|  0%| F|  |TS  0|AC  0|TAMS 0x00000006c8500000, 0x00000006c8500000|
| 134|0x00000006c8600000, 0x00000006c8600000, 0x00000006c8700000|  0%| F|  |TS  0|AC  0|TAMS 0x00000006c8600000, 0x00000006c8600000|
| 135|0x00000006c8700000, 0x00000006c8700000, 0x00000006c8800000|  0%| F|  |TS  0|AC  0|TAMS 0x00000006c8700000, 0x00000006c8700000|
| 136|0x00000006c8800000, 0x00000006c8800000, 0x00000006c8900000|  0%| F|  |TS  0|AC  0|TAMS 0x00000006c8800000, 0x00000006c8800000|
| 137|0x00000006c8900000, 0x00000006c8900000, 0x00000006c8a00000|  0%| F|  |TS  0|AC  0|TAMS 0x00000006c8900000, 0x00000006c8900000|
| 138|0x00000006c8a00000, 0x00000006c8a00000, 0x00000006c8b00000|  0%| F|  |TS  0|AC  0|TAMS 0x00000006c8a00000, 0x00000006c8a00000|
| 139|0x00000006c8b00000, 0x00000006c8b00000, 0x00000006c8c00000|  0%| F|  |TS  0|AC  0|TAMS 0x00000006c8b00000, 0x00000006c8b00000|
| 140|0x00000006c8c00000, 0x00000006c8c00000, 0x00000006c8d00000|  0%| F|  |TS  0|AC  0|TAMS 0x00000006c8c00000, 0x00000006c8c00000|
| 141|0x00000006c8d00000, 0x00000006c8d00000, 0x00000006c8e00000|  0%| F|  |TS  0|AC  0|TAMS 0x00000006c8d00000, 0x00000006c8d00000|
| 142|0x00000006c8e00000, 0x00000006c8e00000, 0x00000006c8f00000|  0%| F|  |TS  0|AC  0|TAMS 0x00000006c8e00000, 0x00000006c8e00000|
| 143|0x00000006c8f00000, 0x00000006c8f00000, 0x00000006c9000000|  0%| F|  |TS  0|AC  0|TAMS 0x00000006c8f00000, 0x00000006c8f00000|
| 144|0x00000006c9000000, 0x00000006c9000000, 0x00000006c9100000|  0%| F|  |TS  0|AC  0|TAMS 0x00000006c9000000, 0x00000006c9000000|
| 145|0x00000006c9100000, 0x00000006c9100000, 0x00000006c9200000|  0%| F|  |TS  0|AC  0|TAMS 0x00000006c9100000, 0x00000006c9100000|
| 146|0x00000006c9200000, 0x00000006c9200000, 0x00000006c9300000|  0%| F|  |TS  0|AC  0|TAMS 0x00000006c9200000, 0x00000006c9200000|
| 147|0x00000006c9300000, 0x00000006c9300000, 0x00000006c9400000|  0%| F|  |TS  0|AC  0|TAMS 0x00000006c9300000, 0x00000006c9300000|
| 148|0x00000006c9400000, 0x00000006c9400000, 0x00000006c9500000|  0%| F|  |TS  0|AC  0|TAMS 0x00000006c9400000, 0x00000006c9400000|
| 149|0x00000006c9500000, 0x00000006c9500000, 0x00000006c9600000|  0%| F|  |TS  0|AC  0|TAMS 0x00000006c9500000, 0x00000006c9500000|
| 150|0x00000006c9600000, 0x00000006c9600000, 0x00000006c9700000|  0%| F|  |TS  0|AC  0|TAMS 0x00000006c9600000, 0x00000006c9600000|
| 151|0x00000006c9700000, 0x00000006c9700000, 0x00000006c9800000|  0%| F|  |TS  0|AC  0|TAMS 0x00000006c9700000, 0x00000006c9700000|
| 152|0x00000006c9800000, 0x00000006c9800000, 0x00000006c9900000|  0%| F|  |TS  0|AC  0|TAMS 0x00000006c9800000, 0x00000006c9800000|
| 153|0x00000006c9900000, 0x00000006c9900000, 0x00000006c9a00000|  0%| F|  |TS  0|AC  0|TAMS 0x00000006c9900000, 0x00000006c9900000|
| 154|0x00000006c9a00000, 0x00000006c9a00000, 0x00000006c9b00000|  0%| F|  |TS  0|AC  0|TAMS 0x00000006c9a00000, 0x00000006c9a00000|
| 155|0x00000006c9b00000, 0x00000006c9b00000, 0x00000006c9c00000|  0%| F|  |TS  0|AC  0|TAMS 0x00000006c9b00000, 0x00000006c9b00000|
| 156|0x00000006c9c00000, 0x00000006c9c00000, 0x00000006c9d00000|  0%| F|  |TS  0|AC  0|TAMS 0x00000006c9c00000, 0x00000006c9c00000|
| 157|0x00000006c9d00000, 0x00000006c9d00000, 0x00000006c9e00000|  0%| F|  |TS  0|AC  0|TAMS 0x00000006c9d00000, 0x00000006c9d00000|
| 158|0x00000006c9e00000, 0x00000006c9e00000, 0x00000006c9f00000|  0%| F|  |TS  0|AC  0|TAMS 0x00000006c9e00000, 0x00000006c9e00000|
| 159|0x00000006c9f00000, 0x00000006c9f00000, 0x00000006ca000000|  0%| F|  |TS  0|AC  0|TAMS 0x00000006c9f00000, 0x00000006c9f00000|
| 160|0x00000006ca000000, 0x00000006ca000000, 0x00000006ca100000|  0%| F|  |TS  0|AC  0|TAMS 0x00000006ca000000, 0x00000006ca000000|
| 161|0x00000006ca100000, 0x00000006ca100000, 0x00000006ca200000|  0%| F|  |TS  0|AC  0|TAMS 0x00000006ca100000, 0x00000006ca100000|
| 162|0x00000006ca200000, 0x00000006ca200000, 0x00000006ca300000|  0%| F|  |TS  0|AC  0|TAMS 0x00000006ca200000, 0x00000006ca200000|
| 163|0x00000006ca300000, 0x00000006ca300000, 0x00000006ca400000|  0%| F|  |TS  0|AC  0|TAMS 0x00000006ca300000, 0x00000006ca300000|
| 164|0x00000006ca400000, 0x00000006ca400000, 0x00000006ca500000|  0%| F|  |TS  0|AC  0|TAMS 0x00000006ca400000, 0x00000006ca400000|
| 165|0x00000006ca500000, 0x00000006ca500000, 0x00000006ca600000|  0%| F|  |TS  0|AC  0|TAMS 0x00000006ca500000, 0x00000006ca500000|
| 166|0x00000006ca600000, 0x00000006ca600000, 0x00000006ca700000|  0%| F|  |TS  0|AC  0|TAMS 0x00000006ca600000, 0x00000006ca600000|
| 167|0x00000006ca700000, 0x00000006ca700000, 0x00000006ca800000|  0%| F|  |TS  0|AC  0|TAMS 0x00000006ca700000, 0x00000006ca700000|
| 168|0x00000006ca800000, 0x00000006ca800000, 0x00000006ca900000|  0%| F|  |TS  0|AC  0|TAMS 0x00000006ca800000, 0x00000006ca800000|
| 169|0x00000006ca900000, 0x00000006ca900000, 0x00000006caa00000|  0%| F|  |TS  0|AC  0|TAMS 0x00000006ca900000, 0x00000006ca900000|
| 170|0x00000006caa00000, 0x00000006caa00000, 0x00000006cab00000|  0%| F|  |TS  0|AC  0|TAMS 0x00000006caa00000, 0x00000006caa00000|
| 171|0x00000006cab00000, 0x00000006cab00000, 0x00000006cac00000|  0%| F|  |TS  0|AC  0|TAMS 0x00000006cab00000, 0x00000006cab00000|
| 172|0x00000006cac00000, 0x00000006cac00000, 0x00000006cad00000|  0%| F|  |TS  0|AC  0|TAMS 0x00000006cac00000, 0x00000006cac00000|
| 173|0x00000006cad00000, 0x00000006cad00000, 0x00000006cae00000|  0%| F|  |TS  0|AC  0|TAMS 0x00000006cad00000, 0x00000006cad00000|
| 174|0x00000006cae00000, 0x00000006cae00000, 0x00000006caf00000|  0%| F|  |TS  0|AC  0|TAMS 0x00000006cae00000, 0x00000006cae00000|
| 175|0x00000006caf00000, 0x00000006caf00000, 0x00000006cb000000|  0%| F|  |TS  0|AC  0|TAMS 0x00000006caf00000, 0x00000006caf00000|
| 176|0x00000006cb000000, 0x00000006cb000000, 0x00000006cb100000|  0%| F|  |TS  0|AC  0|TAMS 0x00000006cb000000, 0x00000006cb000000|
| 177|0x00000006cb100000, 0x00000006cb100000, 0x00000006cb200000|  0%| F|  |TS  0|AC  0|TAMS 0x00000006cb100000, 0x00000006cb100000|
| 178|0x00000006cb200000, 0x00000006cb200000, 0x00000006cb300000|  0%| F|  |TS  0|AC  0|TAMS 0x00000006cb200000, 0x00000006cb200000|
| 179|0x00000006cb300000, 0x00000006cb300000, 0x00000006cb400000|  0%| F|  |TS  0|AC  0|TAMS 0x00000006cb300000, 0x00000006cb300000|
| 180|0x00000006cb400000, 0x00000006cb400000, 0x00000006cb500000|  0%| F|  |TS  0|AC  0|TAMS 0x00000006cb400000, 0x00000006cb400000|
| 181|0x00000006cb500000, 0x00000006cb500000, 0x00000006cb600000|  0%| F|  |TS  0|AC  0|TAMS 0x00000006cb500000, 0x00000006cb500000|
| 182|0x00000006cb600000, 0x00000006cb600000, 0x00000006cb700000|  0%| F|  |TS  0|AC  0|TAMS 0x00000006cb600000, 0x00000006cb600000|
| 183|0x00000006cb700000, 0x00000006cb700000, 0x00000006cb800000|  0%| F|  |TS  0|AC  0|TAMS 0x00000006cb700000, 0x00000006cb700000|
| 184|0x00000006cb800000, 0x00000006cb800000, 0x00000006cb900000|  0%| F|  |TS  0|AC  0|TAMS 0x00000006cb800000, 0x00000006cb800000|
| 185|0x00000006cb900000, 0x00000006cb900000, 0x00000006cba00000|  0%| F|  |TS  0|AC  0|TAMS 0x00000006cb900000, 0x00000006cb900000|
| 186|0x00000006cba00000, 0x00000006cba00000, 0x00000006cbb00000|  0%| F|  |TS  0|AC  0|TAMS 0x00000006cba00000, 0x00000006cba00000|
| 187|0x00000006cbb00000, 0x00000006cbb00000, 0x00000006cbc00000|  0%| F|  |TS  0|AC  0|TAMS 0x00000006cbb00000, 0x00000006cbb00000|
| 188|0x00000006cbc00000, 0x00000006cbc00000, 0x00000006cbd00000|  0%| F|  |TS  0|AC  0|TAMS 0x00000006cbc00000, 0x00000006cbc00000|
| 189|0x00000006cbd00000, 0x00000006cbd00000, 0x00000006cbe00000|  0%| F|  |TS  0|AC  0|TAMS 0x00000006cbd00000, 0x00000006cbd00000|
| 190|0x00000006cbe00000, 0x00000006cbe00000, 0x00000006cbf00000|  0%| F|  |TS  0|AC  0|TAMS 0x00000006cbe00000, 0x00000006cbe00000|
| 191|0x00000006cbf00000, 0x00000006cbf00000, 0x00000006cc000000|  0%| F|  |TS  0|AC  0|TAMS 0x00000006cbf00000, 0x00000006cbf00000|
| 192|0x00000006cc000000, 0x00000006cc000000, 0x00000006cc100000|  0%| F|  |TS  0|AC  0|TAMS 0x00000006cc000000, 0x00000006cc000000|
| 193|0x00000006cc100000, 0x00000006cc100000, 0x00000006cc200000|  0%| F|  |TS  0|AC  0|TAMS 0x00000006cc100000, 0x00000006cc100000|
| 194|0x00000006cc200000, 0x00000006cc200000, 0x00000006cc300000|  0%| F|  |TS  0|AC  0|TAMS 0x00000006cc200000, 0x00000006cc200000|
| 195|0x00000006cc300000, 0x00000006cc300000, 0x00000006cc400000|  0%| F|  |TS  0|AC  0|TAMS 0x00000006cc300000, 0x00000006cc300000|
| 196|0x00000006cc400000, 0x00000006cc400000, 0x00000006cc500000|  0%| F|  |TS  0|AC  0|TAMS 0x00000006cc400000, 0x00000006cc400000|
| 197|0x00000006cc500000, 0x00000006cc500000, 0x00000006cc600000|  0%| F|  |TS  0|AC  0|TAMS 0x00000006cc500000, 0x00000006cc500000|
| 198|0x00000006cc600000, 0x00000006cc600000, 0x00000006cc700000|  0%| F|  |TS  0|AC  0|TAMS 0x00000006cc600000, 0x00000006cc600000|
| 199|0x00000006cc700000, 0x00000006cc700000, 0x00000006cc800000|  0%| F|  |TS  0|AC  0|TAMS 0x00000006cc700000, 0x00000006cc700000|
| 200|0x00000006cc800000, 0x00000006cc800000, 0x00000006cc900000|  0%| F|  |TS  0|AC  0|TAMS 0x00000006cc800000, 0x00000006cc800000|
| 201|0x00000006cc900000, 0x00000006cc900000, 0x00000006cca00000|  0%| F|  |TS  0|AC  0|TAMS 0x00000006cc900000, 0x00000006cc900000|
| 202|0x00000006cca00000, 0x00000006cca00000, 0x00000006ccb00000|  0%| F|  |TS  0|AC  0|TAMS 0x00000006cca00000, 0x00000006cca00000|
| 203|0x00000006ccb00000, 0x00000006ccb00000, 0x00000006ccc00000|  0%| F|  |TS  0|AC  0|TAMS 0x00000006ccb00000, 0x00000006ccb00000|
| 204|0x00000006ccc00000, 0x00000006ccc00000, 0x00000006ccd00000|  0%| F|  |TS  0|AC  0|TAMS 0x00000006ccc00000, 0x00000006ccc00000|
| 205|0x00000006ccd00000, 0x00000006ccd00000, 0x00000006cce00000|  0%| F|  |TS  0|AC  0|TAMS 0x00000006ccd00000, 0x00000006ccd00000|
| 206|0x00000006cce00000, 0x00000006cce00000, 0x00000006ccf00000|  0%| F|  |TS  0|AC  0|TAMS 0x00000006cce00000, 0x00000006cce00000|
| 207|0x00000006ccf00000, 0x00000006ccf00000, 0x00000006cd000000|  0%| F|  |TS 11|AC  0|TAMS 0x00000006ccf00000, 0x00000006ccf00000|
| 208|0x00000006cd000000, 0x00000006cd000000, 0x00000006cd100000|  0%| F|  |TS 11|AC  0|TAMS 0x00000006cd000000, 0x00000006cd000000|
| 209|0x00000006cd100000, 0x00000006cd100000, 0x00000006cd200000|  0%| F|  |TS 11|AC  0|TAMS 0x00000006cd100000, 0x00000006cd100000|
| 210|0x00000006cd200000, 0x00000006cd200000, 0x00000006cd300000|  0%| F|  |TS 11|AC  0|TAMS 0x00000006cd200000, 0x00000006cd200000|
| 211|0x00000006cd300000, 0x00000006cd300000, 0x00000006cd400000|  0%| F|  |TS 11|AC  0|TAMS 0x00000006cd300000, 0x00000006cd300000|
| 212|0x00000006cd400000, 0x00000006cd400000, 0x00000006cd500000|  0%| F|  |TS 11|AC  0|TAMS 0x00000006cd400000, 0x00000006cd400000|
| 213|0x00000006cd500000, 0x00000006cd500000, 0x00000006cd600000|  0%| F|  |TS  9|AC  0|TAMS 0x00000006cd500000, 0x00000006cd500000|
| 214|0x00000006cd600000, 0x00000006cd600000, 0x00000006cd700000|  0%| F|  |TS  9|AC  0|TAMS 0x00000006cd600000, 0x00000006cd600000|
| 215|0x00000006cd700000, 0x00000006cd700000, 0x00000006cd800000|  0%| F|  |TS  9|AC  0|TAMS 0x00000006cd700000, 0x00000006cd700000|
| 216|0x00000006cd800000, 0x00000006cd800000, 0x00000006cd900000|  0%| F|  |TS  9|AC  0|TAMS 0x00000006cd800000, 0x00000006cd800000|
| 217|0x00000006cd900000, 0x00000006cd900000, 0x00000006cda00000|  0%| F|  |TS  9|AC  0|TAMS 0x00000006cd900000, 0x00000006cd900000|
| 218|0x00000006cda00000, 0x00000006cda00000, 0x00000006cdb00000|  0%| F|  |TS  9|AC  0|TAMS 0x00000006cda00000, 0x00000006cda00000|
| 219|0x00000006cdb00000, 0x00000006cdb00000, 0x00000006cdc00000|  0%| F|  |TS  9|AC  0|TAMS 0x00000006cdb00000, 0x00000006cdb00000|
| 220|0x00000006cdc00000, 0x00000006cdc00000, 0x00000006cdd00000|  0%| F|  |TS  9|AC  0|TAMS 0x00000006cdc00000, 0x00000006cdc00000|
| 221|0x00000006cdd00000, 0x00000006cdd00000, 0x00000006cde00000|  0%| F|  |TS  9|AC  0|TAMS 0x00000006cdd00000, 0x00000006cdd00000|
| 222|0x00000006cde00000, 0x00000006cde00000, 0x00000006cdf00000|  0%| F|  |TS  9|AC  0|TAMS 0x00000006cde00000, 0x00000006cde00000|
| 223|0x00000006cdf00000, 0x00000006cdf00000, 0x00000006ce000000|  0%| F|  |TS  9|AC  0|TAMS 0x00000006cdf00000, 0x00000006cdf00000|
| 224|0x00000006ce000000, 0x00000006ce000000, 0x00000006ce100000|  0%| F|  |TS  9|AC  0|TAMS 0x00000006ce000000, 0x00000006ce000000|
| 225|0x00000006ce100000, 0x00000006ce100000, 0x00000006ce200000|  0%| F|  |TS  9|AC  0|TAMS 0x00000006ce100000, 0x00000006ce100000|
| 226|0x00000006ce200000, 0x00000006ce200000, 0x00000006ce300000|  0%| F|  |TS  9|AC  0|TAMS 0x00000006ce200000, 0x00000006ce200000|
| 227|0x00000006ce300000, 0x00000006ce300000, 0x00000006ce400000|  0%| F|  |TS  9|AC  0|TAMS 0x00000006ce300000, 0x00000006ce300000|
| 228|0x00000006ce400000, 0x00000006ce400000, 0x00000006ce500000|  0%| F|  |TS  9|AC  0|TAMS 0x00000006ce400000, 0x00000006ce400000|
| 229|0x00000006ce500000, 0x00000006ce500000, 0x00000006ce600000|  0%| F|  |TS  9|AC  0|TAMS 0x00000006ce500000, 0x00000006ce500000|
| 230|0x00000006ce600000, 0x00000006ce600000, 0x00000006ce700000|  0%| F|  |TS  9|AC  0|TAMS 0x00000006ce600000, 0x00000006ce600000|
| 231|0x00000006ce700000, 0x00000006ce700000, 0x00000006ce800000|  0%| F|  |TS  9|AC  0|TAMS 0x00000006ce700000, 0x00000006ce700000|
| 232|0x00000006ce800000, 0x00000006ce800000, 0x00000006ce900000|  0%| F|  |TS  9|AC  0|TAMS 0x00000006ce800000, 0x00000006ce800000|
| 233|0x00000006ce900000, 0x00000006ce900000, 0x00000006cea00000|  0%| F|  |TS  9|AC  0|TAMS 0x00000006ce900000, 0x00000006ce900000|
| 234|0x00000006cea00000, 0x00000006cea00000, 0x00000006ceb00000|  0%| F|  |TS  9|AC  0|TAMS 0x00000006cea00000, 0x00000006cea00000|
| 235|0x00000006ceb00000, 0x00000006ceb00000, 0x00000006cec00000|  0%| F|  |TS  9|AC  0|TAMS 0x00000006ceb00000, 0x00000006ceb00000|
| 236|0x00000006cec00000, 0x00000006cec00000, 0x00000006ced00000|  0%| F|  |TS  9|AC  0|TAMS 0x00000006cec00000, 0x00000006cec00000|
| 237|0x00000006ced00000, 0x00000006ced00000, 0x00000006cee00000|  0%| F|  |TS  9|AC  0|TAMS 0x00000006ced00000, 0x00000006ced00000|
| 238|0x00000006cee00000, 0x00000006cee00000, 0x00000006cef00000|  0%| F|  |TS  9|AC  0|TAMS 0x00000006cee00000, 0x00000006cee00000|
| 239|0x00000006cef00000, 0x00000006cef00000, 0x00000006cf000000|  0%| F|  |TS  9|AC  0|TAMS 0x00000006cef00000, 0x00000006cef00000|
| 240|0x00000006cf000000, 0x00000006cf000000, 0x00000006cf100000|  0%| F|  |TS  9|AC  0|TAMS 0x00000006cf000000, 0x00000006cf000000|
| 241|0x00000006cf100000, 0x00000006cf100000, 0x00000006cf200000|  0%| F|  |TS  9|AC  0|TAMS 0x00000006cf100000, 0x00000006cf100000|
| 242|0x00000006cf200000, 0x00000006cf200000, 0x00000006cf300000|  0%| F|  |TS  9|AC  0|TAMS 0x00000006cf200000, 0x00000006cf200000|
| 243|0x00000006cf300000, 0x00000006cf300000, 0x00000006cf400000|  0%| F|  |TS  9|AC  0|TAMS 0x00000006cf300000, 0x00000006cf300000|
| 244|0x00000006cf400000, 0x00000006cf400000, 0x00000006cf500000|  0%| F|  |TS  9|AC  0|TAMS 0x00000006cf400000, 0x00000006cf400000|
| 245|0x00000006cf500000, 0x00000006cf500000, 0x00000006cf600000|  0%| F|  |TS  9|AC  0|TAMS 0x00000006cf500000, 0x00000006cf500000|
| 246|0x00000006cf600000, 0x00000006cf600000, 0x00000006cf700000|  0%| F|  |TS  9|AC  0|TAMS 0x00000006cf600000, 0x00000006cf600000|
| 247|0x00000006cf700000, 0x00000006cf700000, 0x00000006cf800000|  0%| F|  |TS  9|AC  0|TAMS 0x00000006cf700000, 0x00000006cf700000|
| 248|0x00000006cf800000, 0x00000006cf800000, 0x00000006cf900000|  0%| F|  |TS  9|AC  0|TAMS 0x00000006cf800000, 0x00000006cf800000|
| 249|0x00000006cf900000, 0x00000006cf900000, 0x00000006cfa00000|  0%| F|  |TS  9|AC  0|TAMS 0x00000006cf900000, 0x00000006cf900000|
| 250|0x00000006cfa00000, 0x00000006cfb00000, 0x00000006cfb00000|100%| S|CS|TS 13|AC  0|TAMS 0x00000006cfa00000, 0x00000006cfa00000|
| 251|0x00000006cfb00000, 0x00000006cfc00000, 0x00000006cfc00000|100%| S|CS|TS 13|AC  0|TAMS 0x00000006cfb00000, 0x00000006cfb00000|
| 252|0x00000006cfc00000, 0x00000006cfd00000, 0x00000006cfd00000|100%| S|CS|TS 13|AC  0|TAMS 0x00000006cfc00000, 0x00000006cfc00000|
| 253|0x00000006cfd00000, 0x00000006cfe00000, 0x00000006cfe00000|100%| S|CS|TS 13|AC  0|TAMS 0x00000006cfd00000, 0x00000006cfd00000|
| 254|0x00000006cfe00000, 0x00000006cff00000, 0x00000006cff00000|100%| S|CS|TS 13|AC  0|TAMS 0x00000006cfe00000, 0x00000006cfe00000|
| 255|0x00000006cff00000, 0x00000006d0000000, 0x00000006d0000000|100%| S|CS|TS 13|AC  0|TAMS 0x00000006cff00000, 0x00000006cff00000|
| 256|0x00000006d0000000, 0x00000006d0100000, 0x00000006d0100000|100%| S|CS|TS 13|AC  0|TAMS 0x00000006d0000000, 0x00000006d0000000|
| 257|0x00000006d0100000, 0x00000006d0200000, 0x00000006d0200000|100%| S|CS|TS 13|AC  0|TAMS 0x00000006d0100000, 0x00000006d0100000|
| 258|0x00000006d0200000, 0x00000006d0200000, 0x00000006d0300000|  0%| F|  |TS 13|AC  0|TAMS 0x00000006d0200000, 0x00000006d0200000|
| 259|0x00000006d0300000, 0x00000006d0300000, 0x00000006d0400000|  0%| F|  |TS 13|AC  0|TAMS 0x00000006d0300000, 0x00000006d0300000|
| 260|0x00000006d0400000, 0x00000006d0400000, 0x00000006d0500000|  0%| F|  |TS 13|AC  0|TAMS 0x00000006d0400000, 0x00000006d0400000|
| 261|0x00000006d0500000, 0x00000006d0500000, 0x00000006d0600000|  0%| F|  |TS 13|AC  0|TAMS 0x00000006d0500000, 0x00000006d0500000|
| 262|0x00000006d0600000, 0x00000006d0600000, 0x00000006d0700000|  0%| F|  |TS 13|AC  0|TAMS 0x00000006d0600000, 0x00000006d0600000|
| 263|0x00000006d0700000, 0x00000006d0700000, 0x00000006d0800000|  0%| F|  |TS 13|AC  0|TAMS 0x00000006d0700000, 0x00000006d0700000|
| 264|0x00000006d0800000, 0x00000006d0800000, 0x00000006d0900000|  0%| F|  |TS 13|AC  0|TAMS 0x00000006d0800000, 0x00000006d0800000|
| 265|0x00000006d0900000, 0x00000006d0900000, 0x00000006d0a00000|  0%| F|  |TS 13|AC  0|TAMS 0x00000006d0900000, 0x00000006d0900000|
| 266|0x00000006d0a00000, 0x00000006d0a00000, 0x00000006d0b00000|  0%| F|  |TS 13|AC  0|TAMS 0x00000006d0a00000, 0x00000006d0a00000|
| 267|0x00000006d0b00000, 0x00000006d0b00000, 0x00000006d0c00000|  0%| F|  |TS 13|AC  0|TAMS 0x00000006d0b00000, 0x00000006d0b00000|
| 268|0x00000006d0c00000, 0x00000006d0c00000, 0x00000006d0d00000|  0%| F|  |TS 13|AC  0|TAMS 0x00000006d0c00000, 0x00000006d0c00000|
| 269|0x00000006d0d00000, 0x00000006d0d00000, 0x00000006d0e00000|  0%| F|  |TS 13|AC  0|TAMS 0x00000006d0d00000, 0x00000006d0d00000|
| 270|0x00000006d0e00000, 0x00000006d0e00000, 0x00000006d0f00000|  0%| F|  |TS 13|AC  0|TAMS 0x00000006d0e00000, 0x00000006d0e00000|
| 271|0x00000006d0f00000, 0x00000006d0f00000, 0x00000006d1000000|  0%| F|  |TS 13|AC  0|TAMS 0x00000006d0f00000, 0x00000006d0f00000|
| 272|0x00000006d1000000, 0x00000006d1000000, 0x00000006d1100000|  0%| F|  |TS 13|AC  0|TAMS 0x00000006d1000000, 0x00000006d1000000|
| 273|0x00000006d1100000, 0x00000006d1100000, 0x00000006d1200000|  0%| F|  |TS 13|AC  0|TAMS 0x00000006d1100000, 0x00000006d1100000|
| 274|0x00000006d1200000, 0x00000006d1200000, 0x00000006d1300000|  0%| F|  |TS 13|AC  0|TAMS 0x00000006d1200000, 0x00000006d1200000|
| 275|0x00000006d1300000, 0x00000006d1300000, 0x00000006d1400000|  0%| F|  |TS 13|AC  0|TAMS 0x00000006d1300000, 0x00000006d1300000|
| 276|0x00000006d1400000, 0x00000006d1400000, 0x00000006d1500000|  0%| F|  |TS 13|AC  0|TAMS 0x00000006d1400000, 0x00000006d1400000|
| 277|0x00000006d1500000, 0x00000006d1500000, 0x00000006d1600000|  0%| F|  |TS 13|AC  0|TAMS 0x00000006d1500000, 0x00000006d1500000|
| 278|0x00000006d1600000, 0x00000006d1600000, 0x00000006d1700000|  0%| F|  |TS 13|AC  0|TAMS 0x00000006d1600000, 0x00000006d1600000|
| 279|0x00000006d1700000, 0x00000006d1700000, 0x00000006d1800000|  0%| F|  |TS 13|AC  0|TAMS 0x00000006d1700000, 0x00000006d1700000|
| 280|0x00000006d1800000, 0x00000006d1800000, 0x00000006d1900000|  0%| F|  |TS 13|AC  0|TAMS 0x00000006d1800000, 0x00000006d1800000|
| 281|0x00000006d1900000, 0x00000006d1900000, 0x00000006d1a00000|  0%| F|  |TS 13|AC  0|TAMS 0x00000006d1900000, 0x00000006d1900000|
| 282|0x00000006d1a00000, 0x00000006d1a00000, 0x00000006d1b00000|  0%| F|  |TS 13|AC  0|TAMS 0x00000006d1a00000, 0x00000006d1a00000|
| 283|0x00000006d1b00000, 0x00000006d1b00000, 0x00000006d1c00000|  0%| F|  |TS 13|AC  0|TAMS 0x00000006d1b00000, 0x00000006d1b00000|
| 284|0x00000006d1c00000, 0x00000006d1c00000, 0x00000006d1d00000|  0%| F|  |TS 13|AC  0|TAMS 0x00000006d1c00000, 0x00000006d1c00000|
| 285|0x00000006d1d00000, 0x00000006d1d00000, 0x00000006d1e00000|  0%| F|  |TS 13|AC  0|TAMS 0x00000006d1d00000, 0x00000006d1d00000|
| 286|0x00000006d1e00000, 0x00000006d1ec9c50, 0x00000006d1f00000| 78%| E|  |TS 13|AC  0|TAMS 0x00000006d1e00000, 0x00000006d1e00000|
| 287|0x00000006d1f00000, 0x00000006d2000000, 0x00000006d2000000|100%| E|CS|TS 13|AC  0|TAMS 0x00000006d1f00000, 0x00000006d1f00000|
| 288|0x00000006d2000000, 0x00000006d2100000, 0x00000006d2100000|100%| E|CS|TS 13|AC  0|TAMS 0x00000006d2000000, 0x00000006d2000000|
| 289|0x00000006d2100000, 0x00000006d2200000, 0x00000006d2200000|100%| E|CS|TS 13|AC  0|TAMS 0x00000006d2100000, 0x00000006d2100000|
| 290|0x00000006d2200000, 0x00000006d2300000, 0x00000006d2300000|100%| E|CS|TS 13|AC  0|TAMS 0x00000006d2200000, 0x00000006d2200000|
| 291|0x00000006d2300000, 0x00000006d2400000, 0x00000006d2400000|100%| E|CS|TS 13|AC  0|TAMS 0x00000006d2300000, 0x00000006d2300000|
| 292|0x00000006d2400000, 0x00000006d2500000, 0x00000006d2500000|100%| E|CS|TS 13|AC  0|TAMS 0x00000006d2400000, 0x00000006d2400000|
| 293|0x00000006d2500000, 0x00000006d2600000, 0x00000006d2600000|100%| E|CS|TS 13|AC  0|TAMS 0x00000006d2500000, 0x00000006d2500000|
| 294|0x00000006d2600000, 0x00000006d2700000, 0x00000006d2700000|100%| E|CS|TS 13|AC  0|TAMS 0x00000006d2600000, 0x00000006d2600000|
| 295|0x00000006d2700000, 0x00000006d2800000, 0x00000006d2800000|100%| E|CS|TS 13|AC  0|TAMS 0x00000006d2700000, 0x00000006d2700000|
| 296|0x00000006d2800000, 0x00000006d2900000, 0x00000006d2900000|100%| E|CS|TS 13|AC  0|TAMS 0x00000006d2800000, 0x00000006d2800000|
| 297|0x00000006d2900000, 0x00000006d2a00000, 0x00000006d2a00000|100%| E|CS|TS 13|AC  0|TAMS 0x00000006d2900000, 0x00000006d2900000|
| 298|0x00000006d2a00000, 0x00000006d2b00000, 0x00000006d2b00000|100%| E|CS|TS 13|AC  0|TAMS 0x00000006d2a00000, 0x00000006d2a00000|
| 299|0x00000006d2b00000, 0x00000006d2c00000, 0x00000006d2c00000|100%| E|CS|TS 13|AC  0|TAMS 0x00000006d2b00000, 0x00000006d2b00000|
| 300|0x00000006d2c00000, 0x00000006d2d00000, 0x00000006d2d00000|100%| E|CS|TS 13|AC  0|TAMS 0x00000006d2c00000, 0x00000006d2c00000|
| 301|0x00000006d2d00000, 0x00000006d2e00000, 0x00000006d2e00000|100%| E|CS|TS 13|AC  0|TAMS 0x00000006d2d00000, 0x00000006d2d00000|
| 302|0x00000006d2e00000, 0x00000006d2f00000, 0x00000006d2f00000|100%| E|CS|TS 13|AC  0|TAMS 0x00000006d2e00000, 0x00000006d2e00000|
| 303|0x00000006d2f00000, 0x00000006d3000000, 0x00000006d3000000|100%| E|CS|TS 13|AC  0|TAMS 0x00000006d2f00000, 0x00000006d2f00000|
| 304|0x00000006d3000000, 0x00000006d3100000, 0x00000006d3100000|100%| E|CS|TS 13|AC  0|TAMS 0x00000006d3000000, 0x00000006d3000000|
| 305|0x00000006d3100000, 0x00000006d3200000, 0x00000006d3200000|100%| E|CS|TS 13|AC  0|TAMS 0x00000006d3100000, 0x00000006d3100000|
| 306|0x00000006d3200000, 0x00000006d3300000, 0x00000006d3300000|100%| E|CS|TS 13|AC  0|TAMS 0x00000006d3200000, 0x00000006d3200000|
| 307|0x00000006d3300000, 0x00000006d3400000, 0x00000006d3400000|100%| E|CS|TS 13|AC  0|TAMS 0x00000006d3300000, 0x00000006d3300000|
| 308|0x00000006d3400000, 0x00000006d3500000, 0x00000006d3500000|100%| E|CS|TS 13|AC  0|TAMS 0x00000006d3400000, 0x00000006d3400000|
| 309|0x00000006d3500000, 0x00000006d3600000, 0x00000006d3600000|100%| E|CS|TS 13|AC  0|TAMS 0x00000006d3500000, 0x00000006d3500000|
| 310|0x00000006d3600000, 0x00000006d3700000, 0x00000006d3700000|100%| E|CS|TS 13|AC  0|TAMS 0x00000006d3600000, 0x00000006d3600000|
| 311|0x00000006d3700000, 0x00000006d3800000, 0x00000006d3800000|100%| E|CS|TS 13|AC  0|TAMS 0x00000006d3700000, 0x00000006d3700000|
| 312|0x00000006d3800000, 0x00000006d3900000, 0x00000006d3900000|100%| E|CS|TS 13|AC  0|TAMS 0x00000006d3800000, 0x00000006d3800000|
| 313|0x00000006d3900000, 0x00000006d3a00000, 0x00000006d3a00000|100%| E|CS|TS 13|AC  0|TAMS 0x00000006d3900000, 0x00000006d3900000|
| 314|0x00000006d3a00000, 0x00000006d3b00000, 0x00000006d3b00000|100%| E|CS|TS 13|AC  0|TAMS 0x00000006d3a00000, 0x00000006d3a00000|
| 315|0x00000006d3b00000, 0x00000006d3c00000, 0x00000006d3c00000|100%| E|CS|TS 13|AC  0|TAMS 0x00000006d3b00000, 0x00000006d3b00000|
| 316|0x00000006d3c00000, 0x00000006d3d00000, 0x00000006d3d00000|100%| E|CS|TS 13|AC  0|TAMS 0x00000006d3c00000, 0x00000006d3c00000|

Card table byte_map: [0x000000010c9ae000,0x000000010d1ae000] byte_map_base: 0x00000001093ae000

Marking Bits (Prev, Next): (CMBitMap*) 0x00007fc682002870, (CMBitMap*) 0x00007fc6820028a8
 Prev Bits: [0x000000012a5dc000, 0x000000012e5dc000)
 Next Bits: [0x000000012e5dc000, 0x00000001325dc000)

Polling page: 0x0000000109256000

CodeHeap 'non-profiled nmethods': size=120032Kb used=499Kb max_used=748Kb free=119532Kb
 bounds [0x00000001230a4000, 0x0000000123314000, 0x000000012a5dc000]
CodeHeap 'profiled nmethods': size=120028Kb used=1345Kb max_used=1908Kb free=118682Kb
 bounds [0x000000011bb6d000, 0x000000011bddd000, 0x00000001230a4000]
CodeHeap 'non-nmethods': size=5700Kb used=1215Kb max_used=1248Kb free=4484Kb
 bounds [0x000000011b5dc000, 0x000000011b84c000, 0x000000011bb6d000]
 total_blobs=1752 nmethods=785 adapters=309
 compilation: enabled

Compilation events (10 events):
Event: 660.825 Thread 0x00007fc6848f9000  987       4       java.util.AbstractCollection::toArray (70 bytes)
Event: 660.825 Thread 0x00007fc68300c000  988       3       jdk.internal.reflect.ReflectionFactory::langReflectAccess (15 bytes)
Event: 660.826 Thread 0x00007fc68300c000 nmethod 988 0x000000011bb7c890 code [0x000000011bb7ca40, 0x000000011bb7cc50]
Event: 660.852 Thread 0x00007fc68490e800  990       4       java.util.Arrays::copyOf (40 bytes)
Event: 660.856 Thread 0x00007fc6848f9000 nmethod 987 0x00000001230d9810 code [0x00000001230d9a20, 0x00000001230da388]
Event: 660.861 Thread 0x00007fc68490e800 nmethod 990 0x00000001230de090 code [0x00000001230de260, 0x00000001230de778]
Event: 660.904 Thread 0x00007fc68300c000  991       3       jdk.internal.org.objectweb.asm.Label::resolve (214 bytes)
Event: 660.904 Thread 0x00007fc68300c000 nmethod 991 0x000000011bb9f790 code [0x000000011bb9f980, 0x000000011bb9feb0]
Event: 660.955 Thread 0x00007fc68300c000  992       3       java.lang.invoke.CallSite::maybeReBox (28 bytes)
Event: 660.956 Thread 0x00007fc68300c000 nmethod 992 0x000000011bba6290 code [0x000000011bba6480, 0x000000011bba6b30]

GC Heap History (10 events):
Event: 1.298 GC heap before
{Heap before GC invocations=2 (full 0):
 garbage-first heap   total 262144K, used 28672K [0x00000006c0000000, 0x00000006c0100800, 0x00000007c0000000)
  region size 1024K, 13 young (13312K), 3 survivors (3072K)
 Metaspace       used 7905K, capacity 8146K, committed 8192K, reserved 1056768K
  class space    used 714K, capacity 765K, committed 768K, reserved 1048576K
}
Event: 1.307 GC heap after
{Heap after GC invocations=3 (full 0):
 garbage-first heap   total 262144K, used 22528K [0x00000006c0000000, 0x00000006c0100800, 0x00000007c0000000)
  region size 1024K, 2 young (2048K), 2 survivors (2048K)
 Metaspace       used 7905K, capacity 8146K, committed 8192K, reserved 1056768K
  class space    used 714K, capacity 765K, committed 768K, reserved 1048576K
}
Event: 1.438 GC heap before
{Heap before GC invocations=3 (full 0):
 garbage-first heap   total 262144K, used 57344K [0x00000006c0000000, 0x00000006c0100800, 0x00000007c0000000)
  region size 1024K, 36 young (36864K), 2 survivors (2048K)
 Metaspace       used 7905K, capacity 8146K, committed 8192K, reserved 1056768K
  class space    used 714K, capacity 765K, committed 768K, reserved 1048576K
}
Event: 1.452 GC heap after
{Heap after GC invocations=4 (full 0):
 garbage-first heap   total 262144K, used 34939K [0x00000006c0000000, 0x00000006c0100800, 0x00000007c0000000)
  region size 1024K, 5 young (5120K), 5 survivors (5120K)
 Metaspace       used 7905K, capacity 8146K, committed 8192K, reserved 1056768K
  class space    used 714K, capacity 765K, committed 768K, reserved 1048576K
}
Event: 1.600 GC heap before
{Heap before GC invocations=4 (full 0):
 garbage-first heap   total 262144K, used 76923K [0x00000006c0000000, 0x00000006c0100800, 0x00000007c0000000)
  region size 1024K, 43 young (44032K), 5 survivors (5120K)
 Metaspace       used 7905K, capacity 8146K, committed 8192K, reserved 1056768K
  class space    used 714K, capacity 765K, committed 768K, reserved 1048576K
}
Event: 1.634 GC heap after
{Heap after GC invocations=5 (full 0):
 garbage-first heap   total 324608K, used 52195K [0x00000006c0000000, 0x00000006c01009e8, 0x00000007c0000000)
  region size 1024K, 6 young (6144K), 6 survivors (6144K)
 Metaspace       used 7905K, capacity 8146K, committed 8192K, reserved 1056768K
  class space    used 714K, capacity 765K, committed 768K, reserved 1048576K
}
Event: 1.922 GC heap before
{Heap before GC invocations=5 (full 0):
 garbage-first heap   total 324608K, used 103395K [0x00000006c0000000, 0x00000006c01009e8, 0x00000007c0000000)
  region size 1024K, 56 young (57344K), 6 survivors (6144K)
 Metaspace       used 7905K, capacity 8146K, committed 8192K, reserved 1056768K
  class space    used 714K, capacity 765K, committed 768K, reserved 1048576K
}
Event: 1.950 GC heap after
{Heap after GC invocations=6 (full 0):
 garbage-first heap   total 324608K, used 71227K [0x00000006c0000000, 0x00000006c01009e8, 0x00000007c0000000)
  region size 1024K, 7 young (7168K), 7 survivors (7168K)
 Metaspace       used 7905K, capacity 8146K, committed 8192K, reserved 1056768K
  class space    used 714K, capacity 765K, committed 768K, reserved 1048576K
}
Event: 2.256 GC heap before
{Heap before GC invocations=6 (full 0):
 garbage-first heap   total 324608K, used 129595K [0x00000006c0000000, 0x00000006c01009e8, 0x00000007c0000000)
  region size 1024K, 59 young (60416K), 7 survivors (7168K)
 Metaspace       used 7909K, capacity 8146K, committed 8192K, reserved 1056768K
  class space    used 715K, capacity 765K, committed 768K, reserved 1048576K
}
Event: 2.274 GC heap after
{Heap after GC invocations=7 (full 0):
 garbage-first heap   total 324608K, used 88452K [0x00000006c0000000, 0x00000006c01009e8, 0x00000007c0000000)
  region size 1024K, 8 young (8192K), 8 survivors (8192K)
 Metaspace       used 7909K, capacity 8146K, committed 8192K, reserved 1056768K
  class space    used 715K, capacity 765K, committed 768K, reserved 1048576K
}

Deoptimization events (10 events):
Event: 2.428 Thread 0x00007fc684001800 Uncommon trap: reason=unstable_if action=reinterpret pc=0x00000001230dcc90 method=com.sun.org.apache.xerces.internal.impl.XMLEntityScanner.skipSpaces()Z @ 72 c2
Event: 2.428 Thread 0x00007fc684001800 Uncommon trap: reason=unstable_if action=reinterpret pc=0x0000000123122254 method=com.sun.org.apache.xerces.internal.impl.io.UTF8Reader.read([CII)I @ 75 c2
Event: 2.428 Thread 0x00007fc684001800 Uncommon trap: reason=unstable_if action=reinterpret pc=0x00000001231004fc method=com.sun.org.apache.xerces.internal.util.AugmentationsImpl$SmallContainer.clear()V @ 9 c2
Event: 2.455 Thread 0x00007fc684001800 Uncommon trap: reason=unstable_if action=reinterpret pc=0x000000012314a4ec method=GraphDB.clean()V @ 27 c2
Event: 2.474 Thread 0x00007fc684001800 Uncommon trap: reason=unstable_if action=reinterpret pc=0x0000000123100dc4 method=java.lang.String.<init>([CIILjava/lang/Void;)V @ 5 c2
Event: 2.483 Thread 0x00007fc684001800 Uncommon trap: reason=bimorphic_or_optimized_type_check action=maybe_recompile pc=0x00000001231307fc method=java.util.HashMap.getNode(ILjava/lang/Object;)Ljava/util/HashMap$Node; @ 126 c2
Event: 2.483 Thread 0x00007fc684001800 Uncommon trap: reason=bimorphic_or_optimized_type_check action=maybe_recompile pc=0x0000000123130714 method=java.util.HashMap.getNode(ILjava/lang/Object;)Ljava/util/HashMap$Node; @ 59 c2
Event: 2.485 Thread 0x00007fc684001800 Uncommon trap: reason=bimorphic_or_optimized_type_check action=maybe_recompile pc=0x00000001231307fc method=java.util.HashMap.getNode(ILjava/lang/Object;)Ljava/util/HashMap$Node; @ 126 c2
Event: 2.485 Thread 0x00007fc684001800 Uncommon trap: reason=bimorphic_or_optimized_type_check action=maybe_recompile pc=0x0000000123130714 method=java.util.HashMap.getNode(ILjava/lang/Object;)Ljava/util/HashMap$Node; @ 59 c2
Event: 2.497 Thread 0x00007fc684001800 Uncommon trap: reason=intrinsic_or_type_checked_inlining action=make_not_entrant pc=0x0000000123135b28 method=java.util.Arrays.copyOf([Ljava/lang/Object;ILjava/lang/Class;)[Ljava/lang/Object; @ 35 c2

Classes redefined (10 events):
Event: 595.735 Thread 0x00007fc681013000 redefined class name=GraphDB, count=3
Event: 595.737 Thread 0x00007fc681013000 redefined class name=GraphDB$Node, count=3
Event: 595.740 Thread 0x00007fc681013000 redefined class name=GraphDB$Edge, count=3
Event: 608.496 Thread 0x00007fc681013000 redefined class name=GraphDB, count=4
Event: 608.500 Thread 0x00007fc681013000 redefined class name=GraphDB$Node, count=4
Event: 608.504 Thread 0x00007fc681013000 redefined class name=GraphDB$Edge, count=4
Event: 660.581 Thread 0x00007fc681013000 redefined class name=MapServer, count=1
Event: 750.357 Thread 0x00007fc681013000 redefined class name=GraphDB, count=5
Event: 750.361 Thread 0x00007fc681013000 redefined class name=GraphDB$Node, count=5
Event: 750.364 Thread 0x00007fc681013000 redefined class name=GraphDB$Edge, count=5

Internal exceptions (10 events):
Event: 2.463 Thread 0x00007fc684001800 Exception <a 'java/lang/NoSuchMethodError'{0x00000006d2389338}: java.lang.Object.lambda$negate$3(I)Z> (0x00000006d2389338) thrown at [/scratch/mesos/slaves/450fa0f5-8733-43f8-b866-79fe3e86d200-S756/frameworks/1735e8a2-a1db-478c-8104-60c8b0af87dd-0196/exec
Event: 2.507 Thread 0x00007fc684001800 Exception <a 'java/lang/NoSuchMethodError'{0x00000006d2161078}: java.lang.invoke.DirectMethodHandle$Holder.invokeStatic(Ljava/lang/Object;Ljava/lang/Object;Ljava/lang/Object;)V> (0x00000006d2161078) thrown at [/scratch/mesos/slaves/450fa0f5-8733-43f8-b866
Event: 2.509 Thread 0x00007fc684001800 Exception <a 'java/lang/NoSuchMethodError'{0x00000006d2178990}: java.lang.invoke.DirectMethodHandle$Holder.invokeSpecial(Ljava/lang/Object;Ljava/lang/Object;)V> (0x00000006d2178990) thrown at [/scratch/mesos/slaves/450fa0f5-8733-43f8-b866-79fe3e86d200-S75
Event: 385.534 Thread 0x00007fc68131a000 Exception <a 'java/lang/NoSuchMethodError'{0x00000006d1f3f610}: java.lang.invoke.DirectMethodHandle$Holder.invokeInterface(Ljava/lang/Object;Ljava/lang/Object;Ljava/lang/Object;)I> (0x00000006d1f3f610) thrown at [/scratch/mesos/slaves/450fa0f5-8733-43f8-b
Event: 578.514 Thread 0x00007fc68131a000 Exception <a 'java/lang/NoSuchMethodError'{0x00000006d1f5b568}: java.lang.invoke.DirectMethodHandle$Holder.invokeInterface(Ljava/lang/Object;Ljava/lang/Object;)Ljava/lang/Object;> (0x00000006d1f5b568) thrown at [/scratch/mesos/slaves/450fa0f5-8733-43f8-b8
Event: 578.522 Thread 0x00007fc68131a000 Exception <a 'java/lang/NoSuchMethodError'{0x00000006d1f617e8}: java.lang.Object.lambda$identity$2(Ljava/lang/Object;)Ljava/lang/Object;> (0x00000006d1f617e8) thrown at [/scratch/mesos/slaves/450fa0f5-8733-43f8-b866-79fe3e86d200-S756/frameworks/1735e8a2-a
Event: 578.532 Thread 0x00007fc68131a000 Exception <a 'java/lang/NoSuchMethodError'{0x00000006d1f63ca0}: java.lang.invoke.DirectMethodHandle$Holder.invokeStaticInit(Ljava/lang/Object;Ljava/lang/Object;Ljava/lang/Object;)Ljava/lang/Object;> (0x00000006d1f63ca0) thrown at [/scratch/mesos/slaves/45
Event: 578.607 Thread 0x00007fc68131a000 Exception <a 'java/lang/NoSuchMethodError'{0x00000006d1f6d090}: method resolution failed> (0x00000006d1f6d090) thrown at [/scratch/mesos/slaves/450fa0f5-8733-43f8-b866-79fe3e86d200-S756/frameworks/1735e8a2-a1db-478c-8104-60c8b0af87dd-0196/executors/132405
Event: 596.122 Thread 0x00007fc68131a000 Exception <a 'java/lang/NoSuchMethodError'{0x00000006d1e1fb50}: java.lang.invoke.DirectMethodHandle$Holder.invokeSpecial(Ljava/lang/Object;Ljava/lang/Object;Ljava/lang/Object;)I> (0x00000006d1e1fb50) thrown at [/scratch/mesos/slaves/450fa0f5-8733-43f8-b86
Event: 660.855 Thread 0x00007fc68131a000 Exception <a 'java/lang/NoSuchMethodError'{0x00000006d1e69a40}: java.lang.invoke.DirectMethodHandle$Holder.invokeStatic(Ljava/lang/Object;JJ)J> (0x00000006d1e69a40) thrown at [/scratch/mesos/slaves/450fa0f5-8733-43f8-b866-79fe3e86d200-S756/frameworks/1735

Events (10 events):
Event: 750.365 Executing VM operation: RedefineClasses done
Event: 750.366 Executing VM operation: GetFrameCount
Event: 750.366 Executing VM operation: GetFrameCount done
Event: 750.366 Executing VM operation: GetFrameCount
Event: 750.366 Executing VM operation: GetFrameCount done
Event: 750.366 Executing VM operation: GetFrameLocation
Event: 750.366 Executing VM operation: GetFrameLocation done
Event: 750.366 Executing VM operation: GetFrameLocation
Event: 750.366 Executing VM operation: GetFrameLocation done
Event: 750.367 Executing VM operation: GetOrSetLocal


Dynamic libraries:
0x00007fff38be3000 	/System/Library/Frameworks/Cocoa.framework/Versions/A/Cocoa
0x00007fff44fa0000 	/System/Library/Frameworks/Security.framework/Versions/A/Security
0x00007fff37852000 	/System/Library/Frameworks/ApplicationServices.framework/Versions/A/ApplicationServices
0x00007fff60b00000 	/usr/lib/libz.1.dylib
0x00007fff5eb14000 	/usr/lib/libSystem.B.dylib
0x00007fff3937d000 	/System/Library/Frameworks/CoreFoundation.framework/Versions/A/CoreFoundation
0x00007fff3b4b3000 	/System/Library/Frameworks/Foundation.framework/Versions/C/Foundation
0x00007fff60115000 	/usr/lib/libobjc.A.dylib
0x00007fff369a3000 	/System/Library/Frameworks/AppKit.framework/Versions/C/AppKit
0x00007fff38f5b000 	/System/Library/Frameworks/CoreData.framework/Versions/A/CoreData
0x00007fff58555000 	/System/Library/PrivateFrameworks/RemoteViewServices.framework/Versions/A/RemoteViewServices
0x00007fff5cbaa000 	/System/Library/PrivateFrameworks/UIFoundation.framework/Versions/A/UIFoundation
0x00007fff4d59f000 	/System/Library/PrivateFrameworks/DFRFoundation.framework/Versions/A/DFRFoundation
0x00007fff3d98a000 	/System/Library/Frameworks/Metal.framework/Versions/A/Metal
0x00007fff4d740000 	/System/Library/PrivateFrameworks/DesktopServicesPriv.framework/Versions/A/DesktopServicesPriv
0x00007fff5f717000 	/usr/lib/libenergytrace.dylib
0x00007fff5acce000 	/System/Library/PrivateFrameworks/SkyLight.framework/Versions/A/SkyLight
0x00007fff3981f000 	/System/Library/Frameworks/CoreGraphics.framework/Versions/A/CoreGraphics
0x00007fff5eb0f000 	/usr/lib/libScreenReader.dylib
0x00007fff35964000 	/System/Library/Frameworks/Accelerate.framework/Versions/A/Accelerate
0x00007fff3bc2a000 	/System/Library/Frameworks/IOSurface.framework/Versions/A/IOSurface
0x00007fff37d9c000 	/System/Library/Frameworks/AudioToolbox.framework/Versions/A/AudioToolbox
0x00007fff38029000 	/System/Library/Frameworks/AudioUnit.framework/Versions/A/AudioUnit
0x00007fff4d63b000 	/System/Library/PrivateFrameworks/DataDetectorsCore.framework/Versions/A/DataDetectorsCore
0x00007fff386ea000 	/System/Library/Frameworks/Carbon.framework/Versions/A/Frameworks/HIToolbox.framework/Versions/A/HIToolbox
0x00007fff5f871000 	/usr/lib/libicucore.A.dylib
0x00007fff4451f000 	/System/Library/Frameworks/QuartzCore.framework/Versions/A/QuartzCore
0x00007fff38ad0000 	/System/Library/Frameworks/Carbon.framework/Versions/A/Frameworks/SpeechRecognition.framework/Versions/A/SpeechRecognition
0x00007fff5ec70000 	/usr/lib/libauto.dylib
0x00007fff609ef000 	/usr/lib/libxml2.2.dylib
0x00007fff4d219000 	/System/Library/PrivateFrameworks/CoreUI.framework/Versions/A/CoreUI
0x00007fff38e37000 	/System/Library/Frameworks/CoreAudio.framework/Versions/A/CoreAudio
0x00007fff3b2ed000 	/System/Library/Frameworks/DiskArbitration.framework/Versions/A/DiskArbitration
0x00007fff5fae5000 	/usr/lib/liblangid.dylib
0x00007fff54aa0000 	/System/Library/PrivateFrameworks/MultitouchSupport.framework/Versions/A/MultitouchSupport
0x00007fff3bb8d000 	/System/Library/Frameworks/IOKit.framework/Versions/A/IOKit
0x00007fff5e7ac000 	/usr/lib/libDiagnosticMessagesClient.dylib
0x00007fff3a4dd000 	/System/Library/Frameworks/CoreServices.framework/Versions/A/CoreServices
0x00007fff5653a000 	/System/Library/PrivateFrameworks/PerformanceAnalysis.framework/Versions/A/PerformanceAnalysis
0x00007fff436c9000 	/System/Library/Frameworks/OpenGL.framework/Versions/A/OpenGL
0x00007fff38bf1000 	/System/Library/Frameworks/ColorSync.framework/Versions/A/ColorSync
0x00007fff39e2e000 	/System/Library/Frameworks/CoreImage.framework/Versions/A/CoreImage
0x00007fff3ae5e000 	/System/Library/Frameworks/CoreText.framework/Versions/A/CoreText
0x00007fff3bc88000 	/System/Library/Frameworks/ImageIO.framework/Versions/A/ImageIO
0x00007fff49a72000 	/System/Library/PrivateFrameworks/Backup.framework/Versions/A/Backup
0x00007fff5ebc0000 	/usr/lib/libarchive.2.dylib
0x00007fff3833e000 	/System/Library/Frameworks/CFNetwork.framework/Versions/A/CFNetwork
0x00007fff4571c000 	/System/Library/Frameworks/SystemConfiguration.framework/Versions/A/SystemConfiguration
0x00007fff5e6d5000 	/usr/lib/libCRFSuite.dylib
0x00007fff5ed48000 	/usr/lib/libc++.1.dylib
0x00007fff5ed9f000 	/usr/lib/libc++abi.dylib
0x00007fff60bb0000 	/usr/lib/system/libcache.dylib
0x00007fff60bb5000 	/usr/lib/system/libcommonCrypto.dylib
0x00007fff60bc0000 	/usr/lib/system/libcompiler_rt.dylib
0x00007fff60bc8000 	/usr/lib/system/libcopyfile.dylib
0x00007fff60bd1000 	/usr/lib/system/libcorecrypto.dylib
0x00007fff60cde000 	/usr/lib/system/libdispatch.dylib
0x00007fff60d18000 	/usr/lib/system/libdyld.dylib
0x00007fff60d36000 	/usr/lib/system/libkeymgr.dylib
0x00007fff60d44000 	/usr/lib/system/liblaunch.dylib
0x00007fff60d45000 	/usr/lib/system/libmacho.dylib
0x00007fff60d4a000 	/usr/lib/system/libquarantine.dylib
0x00007fff60d4d000 	/usr/lib/system/libremovefile.dylib
0x00007fff60d4f000 	/usr/lib/system/libsystem_asl.dylib
0x00007fff60d67000 	/usr/lib/system/libsystem_blocks.dylib
0x00007fff60d68000 	/usr/lib/system/libsystem_c.dylib
0x00007fff60df2000 	/usr/lib/system/libsystem_configuration.dylib
0x00007fff60df6000 	/usr/lib/system/libsystem_coreservices.dylib
0x00007fff60dfa000 	/usr/lib/system/libsystem_darwin.dylib
0x00007fff60dfc000 	/usr/lib/system/libsystem_dnssd.dylib
0x00007fff60e03000 	/usr/lib/system/libsystem_info.dylib
0x00007fff60e73000 	/usr/lib/system/libsystem_m.dylib
0x00007fff60ebf000 	/usr/lib/system/libsystem_malloc.dylib
0x00007fff60edf000 	/usr/lib/system/libsystem_network.dylib
0x00007fff60f84000 	/usr/lib/system/libsystem_networkextension.dylib
0x00007fff60f8f000 	/usr/lib/system/libsystem_notify.dylib
0x00007fff60fad000 	/usr/lib/system/libsystem_sandbox.dylib
0x00007fff60fb1000 	/usr/lib/system/libsystem_secinit.dylib
0x00007fff60e4d000 	/usr/lib/system/libsystem_kernel.dylib
0x00007fff60f99000 	/usr/lib/system/libsystem_platform.dylib
0x00007fff60fa1000 	/usr/lib/system/libsystem_pthread.dylib
0x00007fff60fb3000 	/usr/lib/system/libsystem_symptoms.dylib
0x00007fff60fbb000 	/usr/lib/system/libsystem_trace.dylib
0x00007fff60fd0000 	/usr/lib/system/libunwind.dylib
0x00007fff60fd6000 	/usr/lib/system/libxpc.dylib
0x00007fff5e602000 	/usr/lib/closure/libclosured.dylib
0x00007fff5ed29000 	/usr/lib/libbsm.0.dylib
0x00007fff60d37000 	/usr/lib/system/libkxld.dylib
0x00007fff5e9e6000 	/usr/lib/libOpenScriptingUtil.dylib
0x00007fff5f099000 	/usr/lib/libcoretls.dylib
0x00007fff5f0b2000 	/usr/lib/libcoretls_cfhelpers.dylib
0x00007fff60516000 	/usr/lib/libpam.2.dylib
0x00007fff6063c000 	/usr/lib/libsqlite3.dylib
0x00007fff609de000 	/usr/lib/libxar.1.dylib
0x00007fff5ed3a000 	/usr/lib/libbz2.1.0.dylib
0x00007fff5fae7000 	/usr/lib/liblzma.5.dylib
0x00007fff5ffc8000 	/usr/lib/libnetwork.dylib
0x00007fff5eba9000 	/usr/lib/libapple_nghttp2.dylib
0x00007fff6051d000 	/usr/lib/libpcap.A.dylib
0x00007fff5ec71000 	/usr/lib/libboringssl.dylib
0x00007fff609a0000 	/usr/lib/libusrtcp.dylib
0x00007fff5eba8000 	/usr/lib/libapple_crypto.dylib
0x00007fff3a860000 	/System/Library/Frameworks/CoreServices.framework/Versions/A/Frameworks/FSEvents.framework/Versions/A/FSEvents
0x00007fff3a553000 	/System/Library/Frameworks/CoreServices.framework/Versions/A/Frameworks/CarbonCore.framework/Versions/A/CarbonCore
0x00007fff3aa22000 	/System/Library/Frameworks/CoreServices.framework/Versions/A/Frameworks/Metadata.framework/Versions/A/Metadata
0x00007fff3aad2000 	/System/Library/Frameworks/CoreServices.framework/Versions/A/Frameworks/OSServices.framework/Versions/A/OSServices
0x00007fff3ab30000 	/System/Library/Frameworks/CoreServices.framework/Versions/A/Frameworks/SearchKit.framework/Versions/A/SearchKit
0x00007fff3a4de000 	/System/Library/Frameworks/CoreServices.framework/Versions/A/Frameworks/AE.framework/Versions/A/AE
0x00007fff3a869000 	/System/Library/Frameworks/CoreServices.framework/Versions/A/Frameworks/LaunchServices.framework/Versions/A/LaunchServices
0x00007fff3a82b000 	/System/Library/Frameworks/CoreServices.framework/Versions/A/Frameworks/DictionaryServices.framework/Versions/A/DictionaryServices
0x00007fff3ab9f000 	/System/Library/Frameworks/CoreServices.framework/Versions/A/Frameworks/SharedFileList.framework/Versions/A/SharedFileList
0x00007fff3eb56000 	/System/Library/Frameworks/NetFS.framework/Versions/A/NetFS
0x00007fff54d2d000 	/System/Library/PrivateFrameworks/NetAuth.framework/Versions/A/NetAuth
0x00007fff5e49c000 	/System/Library/PrivateFrameworks/login.framework/Versions/A/Frameworks/loginsupport.framework/Versions/A/loginsupport
0x00007fff5c82e000 	/System/Library/PrivateFrameworks/TCC.framework/Versions/A/TCC
0x00007fff5fbc8000 	/usr/lib/libmecabra.dylib
0x00007fff37853000 	/System/Library/Frameworks/ApplicationServices.framework/Versions/A/Frameworks/ATS.framework/Versions/A/ATS
0x00007fff37c01000 	/System/Library/Frameworks/ApplicationServices.framework/Versions/A/Frameworks/ColorSyncLegacy.framework/Versions/A/ColorSyncLegacy
0x00007fff37ca5000 	/System/Library/Frameworks/ApplicationServices.framework/Versions/A/Frameworks/HIServices.framework/Versions/A/HIServices
0x00007fff37cf8000 	/System/Library/Frameworks/ApplicationServices.framework/Versions/A/Frameworks/LangAnalysis.framework/Versions/A/LangAnalysis
0x00007fff37d07000 	/System/Library/Frameworks/ApplicationServices.framework/Versions/A/Frameworks/PrintCore.framework/Versions/A/PrintCore
0x00007fff37d54000 	/System/Library/Frameworks/ApplicationServices.framework/Versions/A/Frameworks/QD.framework/Versions/A/QD
0x00007fff37d8f000 	/System/Library/Frameworks/ApplicationServices.framework/Versions/A/Frameworks/SpeechSynthesis.framework/Versions/A/SpeechSynthesis
0x00007fff392b0000 	/System/Library/Frameworks/CoreDisplay.framework/Versions/A/CoreDisplay
0x00007fff3597c000 	/System/Library/Frameworks/Accelerate.framework/Versions/A/Frameworks/vImage.framework/Versions/A/vImage
0x00007fff366b3000 	/System/Library/Frameworks/Accelerate.framework/Versions/A/Frameworks/vecLib.framework/Versions/A/vecLib
0x00007fff36455000 	/System/Library/Frameworks/Accelerate.framework/Versions/A/Frameworks/vecLib.framework/Versions/A/libvDSP.dylib
0x00007fff35fd6000 	/System/Library/Frameworks/Accelerate.framework/Versions/A/Frameworks/vecLib.framework/Versions/A/libBNNS.dylib
0x00007fff363dc000 	/System/Library/Frameworks/Accelerate.framework/Versions/A/Frameworks/vecLib.framework/Versions/A/libQuadrature.dylib
0x00007fff36602000 	/System/Library/Frameworks/Accelerate.framework/Versions/A/Frameworks/vecLib.framework/Versions/A/libvMisc.dylib
0x00007fff36005000 	/System/Library/Frameworks/Accelerate.framework/Versions/A/Frameworks/vecLib.framework/Versions/A/libLAPACK.dylib
0x00007fff35e7b000 	/System/Library/Frameworks/Accelerate.framework/Versions/A/Frameworks/vecLib.framework/Versions/A/libBLAS.dylib
0x00007fff363c6000 	/System/Library/Frameworks/Accelerate.framework/Versions/A/Frameworks/vecLib.framework/Versions/A/libLinearAlgebra.dylib
0x00007fff363e2000 	/System/Library/Frameworks/Accelerate.framework/Versions/A/Frameworks/vecLib.framework/Versions/A/libSparse.dylib
0x00007fff36441000 	/System/Library/Frameworks/Accelerate.framework/Versions/A/Frameworks/vecLib.framework/Versions/A/libSparseBLAS.dylib
0x00007fff533d3000 	/System/Library/PrivateFrameworks/IOAccelerator.framework/Versions/A/IOAccelerator
0x00007fff533de000 	/System/Library/PrivateFrameworks/IOPresentment.framework/Versions/A/IOPresentment
0x00007fff4d5b1000 	/System/Library/PrivateFrameworks/DSExternalDisplay.framework/Versions/A/DSExternalDisplay
0x00007fff42b4b000 	/System/Library/Frameworks/OpenGL.framework/Versions/A/Libraries/libCoreFSCache.dylib
0x00007fff3afad000 	/System/Library/Frameworks/CoreVideo.framework/Versions/A/CoreVideo
0x00007fff52a26000 	/System/Library/PrivateFrameworks/GraphVisualizer.framework/Versions/A/GraphVisualizer
0x00007fff3db4d000 	/System/Library/Frameworks/MetalPerformanceShaders.framework/Versions/A/MetalPerformanceShaders
0x00007fff5e7e4000 	/usr/lib/libFosl_dynamic.dylib
0x00007fff4e5e4000 	/System/Library/PrivateFrameworks/FaceCore.framework/Versions/A/FaceCore
0x00007fff41953000 	/System/Library/Frameworks/OpenCL.framework/Versions/A/OpenCL
0x00007fff5edd6000 	/usr/lib/libcompression.dylib
0x00007fff37952000 	/System/Library/Frameworks/ApplicationServices.framework/Versions/A/Frameworks/ATS.framework/Versions/A/Resources/libFontParser.dylib
0x00007fff37a75000 	/System/Library/Frameworks/ApplicationServices.framework/Versions/A/Frameworks/ATS.framework/Versions/A/Resources/libFontRegistry.dylib
0x00007fff3beed000 	/System/Library/Frameworks/ImageIO.framework/Versions/A/Resources/libJPEG.dylib
0x00007fff3c216000 	/System/Library/Frameworks/ImageIO.framework/Versions/A/Resources/libTIFF.dylib
0x00007fff3c1ec000 	/System/Library/Frameworks/ImageIO.framework/Versions/A/Resources/libPng.dylib
0x00007fff3be00000 	/System/Library/Frameworks/ImageIO.framework/Versions/A/Resources/libGIF.dylib
0x00007fff3be05000 	/System/Library/Frameworks/ImageIO.framework/Versions/A/Resources/libJP2.dylib
0x00007fff3c213000 	/System/Library/Frameworks/ImageIO.framework/Versions/A/Resources/libRadiance.dylib
0x00007fff491d3000 	/System/Library/PrivateFrameworks/AppleJPEG.framework/Versions/A/AppleJPEG
0x00007fff5481e000 	/System/Library/PrivateFrameworks/MetalTools.framework/Versions/A/MetalTools
0x00007fff3da26000 	/System/Library/Frameworks/MetalPerformanceShaders.framework/Frameworks/MPSCore.framework/Versions/A/MPSCore
0x00007fff3da3c000 	/System/Library/Frameworks/MetalPerformanceShaders.framework/Frameworks/MPSImage.framework/Versions/A/MPSImage
0x00007fff3daa8000 	/System/Library/Frameworks/MetalPerformanceShaders.framework/Frameworks/MPSMatrix.framework/Versions/A/MPSMatrix
0x00007fff3dacc000 	/System/Library/Frameworks/MetalPerformanceShaders.framework/Frameworks/MPSNeuralNetwork.framework/Versions/A/MPSNeuralNetwork
0x00007fff42d13000 	/System/Library/Frameworks/OpenGL.framework/Versions/A/Libraries/libGLU.dylib
0x00007fff42b55000 	/System/Library/Frameworks/OpenGL.framework/Versions/A/Libraries/libGFXShared.dylib
0x00007fff42b5e000 	/System/Library/Frameworks/OpenGL.framework/Versions/A/Libraries/libGL.dylib
0x00007fff42b6a000 	/System/Library/Frameworks/OpenGL.framework/Versions/A/Libraries/libGLImage.dylib
0x00007fff42b48000 	/System/Library/Frameworks/OpenGL.framework/Versions/A/Libraries/libCVMSPluginSupport.dylib
0x00007fff42b50000 	/System/Library/Frameworks/OpenGL.framework/Versions/A/Libraries/libCoreVMClient.dylib
0x00007fff5f583000 	/usr/lib/libcups.2.dylib
0x00007fff3cff2000 	/System/Library/Frameworks/Kerberos.framework/Versions/A/Kerberos
0x00007fff3b8e8000 	/System/Library/Frameworks/GSS.framework/Versions/A/GSS
0x00007fff605d0000 	/usr/lib/libresolv.9.dylib
0x00007fff5f77f000 	/usr/lib/libiconv.2.dylib
0x00007fff52aad000 	/System/Library/PrivateFrameworks/Heimdal.framework/Versions/A/Heimdal
0x00007fff5f74e000 	/usr/lib/libheimdal-asn1.dylib
0x00007fff419be000 	/System/Library/Frameworks/OpenDirectory.framework/Versions/A/OpenDirectory
0x00007fff4b489000 	/System/Library/PrivateFrameworks/CommonAuth.framework/Versions/A/CommonAuth
0x00007fff419a1000 	/System/Library/Frameworks/OpenDirectory.framework/Versions/A/Frameworks/CFOpenDirectory.framework/Versions/A/CFOpenDirectory
0x00007fff452b8000 	/System/Library/Frameworks/SecurityFoundation.framework/Versions/A/SecurityFoundation
0x00007fff483bf000 	/System/Library/PrivateFrameworks/APFS.framework/Versions/A/APFS
0x00007fff609da000 	/usr/lib/libutil.dylib
0x00007fff49256000 	/System/Library/PrivateFrameworks/AppleSauce.framework/Versions/A/AppleSauce
0x00007fff53bb5000 	/System/Library/PrivateFrameworks/LinguisticData.framework/Versions/A/LinguisticData
0x00007fff5fb01000 	/usr/lib/libmarisa.dylib
0x00007fff53b6f000 	/System/Library/PrivateFrameworks/Lexicon.framework/Versions/A/Lexicon
0x00007fff5e70f000 	/usr/lib/libChineseTokenizer.dylib
0x00007fff5edc5000 	/usr/lib/libcmph.dylib
0x00007fff53a79000 	/System/Library/PrivateFrameworks/LanguageModeling.framework/Versions/A/LanguageModeling
0x00007fff4be9f000 	/System/Library/PrivateFrameworks/CoreEmoji.framework/Versions/A/CoreEmoji
0x00007fff45374000 	/System/Library/Frameworks/ServiceManagement.framework/Versions/A/ServiceManagement
0x00007fff49a6a000 	/System/Library/PrivateFrameworks/BackgroundTaskManagement.framework/Versions/A/BackgroundTaskManagement
0x00007fff60ad7000 	/usr/lib/libxslt.1.dylib
0x00007fff389fa000 	/System/Library/Frameworks/Carbon.framework/Versions/A/Frameworks/Ink.framework/Versions/A/Ink
0x00007fff5ca42000 	/System/Library/PrivateFrameworks/TextureIO.framework/Versions/A/TextureIO
0x00007fff5ebeb000 	/usr/lib/libate.dylib
0x00007fff4d513000 	/System/Library/PrivateFrameworks/CrashReporterSupport.framework/Versions/A/CrashReporterSupport
0x00007fff59e95000 	/System/Library/PrivateFrameworks/Sharing.framework/Versions/A/Sharing
0x00007fff537bf000 	/System/Library/PrivateFrameworks/IconServices.framework/Versions/A/IconServices
0x00007fff58356000 	/System/Library/PrivateFrameworks/ProtocolBuffer.framework/Versions/A/ProtocolBuffer
0x00007fff4905e000 	/System/Library/PrivateFrameworks/Apple80211.framework/Versions/A/Apple80211
0x00007fff3afe8000 	/System/Library/Frameworks/CoreWLAN.framework/Versions/A/CoreWLAN
0x00007fff4d34e000 	/System/Library/PrivateFrameworks/CoreUtils.framework/Versions/A/CoreUtils
0x00007fff3ba2a000 	/System/Library/Frameworks/IOBluetooth.framework/Versions/A/IOBluetooth
0x00007fff4d4ae000 	/System/Library/PrivateFrameworks/CoreWiFi.framework/Versions/A/CoreWiFi
0x00007fff38f31000 	/System/Library/Frameworks/CoreBluetooth.framework/Versions/A/CoreBluetooth
0x00007fff59fd0000 	/System/Library/PrivateFrameworks/SignpostNotification.framework/Versions/A/SignpostNotification
0x00007fff4d6ff000 	/System/Library/PrivateFrameworks/DebugSymbols.framework/Versions/A/DebugSymbols
0x00007fff4d105000 	/System/Library/PrivateFrameworks/CoreSymbolication.framework/Versions/A/CoreSymbolication
0x00007fff5c2b8000 	/System/Library/PrivateFrameworks/Symbolication.framework/Versions/A/Symbolication
0x00007fff49088000 	/System/Library/PrivateFrameworks/AppleFSCompression.framework/Versions/A/AppleFSCompression
0x00007fff5b719000 	/System/Library/PrivateFrameworks/SpeechRecognitionCore.framework/Versions/A/SpeechRecognitionCore
0x000000010a400000 	/Library/Java/JavaVirtualMachines/jdk-9.0.4.jdk/Contents/Home/lib/server/libjvm.dylib
0x00007fff608d1000 	/usr/lib/libstdc++.6.0.9.dylib
0x0000000109214000 	/Library/Java/JavaVirtualMachines/jdk-9.0.4.jdk/Contents/Home/lib/libverify.dylib
0x0000000109221000 	/Library/Java/JavaVirtualMachines/jdk-9.0.4.jdk/Contents/Home/lib/libjava.dylib
0x0000000109257000 	/Library/Java/JavaVirtualMachines/jdk-9.0.4.jdk/Contents/Home/lib/libjdwp.dylib
0x00000001092dc000 	/Library/Java/JavaVirtualMachines/jdk-9.0.4.jdk/Contents/Home/lib/libzip.dylib
0x00000001092e4000 	/Library/Java/JavaVirtualMachines/jdk-9.0.4.jdk/Contents/Home/lib/libjimage.dylib
0x00000001093ed000 	/Library/Java/JavaVirtualMachines/jdk-9.0.4.jdk/Contents/Home/lib/libnio.dylib
0x0000000110c30000 	/Library/Java/JavaVirtualMachines/jdk-9.0.4.jdk/Contents/Home/lib/./libnet.dylib
0x0000000110cf1000 	/Library/Java/JavaVirtualMachines/jdk-9.0.4.jdk/Contents/Home/lib/libdt_socket.dylib
0x0000000110cf7000 	/Library/Java/JavaVirtualMachines/jdk-9.0.4.jdk/Contents/Home/lib/libawt.dylib
0x00000001325dc000 	/Library/Java/JavaVirtualMachines/jdk-9.0.4.jdk/Contents/Home/lib/./libmlib_image.dylib
0x00007fff3cfdb000 	/System/Library/Frameworks/JavaVM.framework/Versions/A/Frameworks/JavaNativeFoundation.framework/Versions/A/JavaNativeFoundation
0x00007fff3cfe4000 	/System/Library/Frameworks/JavaVM.framework/Versions/A/Frameworks/JavaRuntimeSupport.framework/Versions/A/JavaRuntimeSupport
0x00007fff3cfed000 	/System/Library/Frameworks/JavaVM.framework/Versions/A/JavaVM
0x00007fff5397c000 	/System/Library/PrivateFrameworks/JavaLaunching.framework/Versions/A/JavaLaunching
0x00007fff386e5000 	/System/Library/Frameworks/Carbon.framework/Versions/A/Carbon
0x00007fff386e6000 	/System/Library/Frameworks/Carbon.framework/Versions/A/Frameworks/CommonPanels.framework/Versions/A/CommonPanels
0x00007fff389f0000 	/System/Library/Frameworks/Carbon.framework/Versions/A/Frameworks/Help.framework/Versions/A/Help
0x00007fff389f4000 	/System/Library/Frameworks/Carbon.framework/Versions/A/Frameworks/ImageCapture.framework/Versions/A/ImageCapture
0x00007fff38a90000 	/System/Library/Frameworks/Carbon.framework/Versions/A/Frameworks/OpenScripting.framework/Versions/A/OpenScripting
0x00007fff38acb000 	/System/Library/Frameworks/Carbon.framework/Versions/A/Frameworks/Print.framework/Versions/A/Print
0x00007fff38acd000 	/System/Library/Frameworks/Carbon.framework/Versions/A/Frameworks/SecurityHI.framework/Versions/A/SecurityHI
0x000000013264a000 	/Library/Java/JavaVirtualMachines/jdk-9.0.4.jdk/Contents/Home/lib/libawt_lwawt.dylib
0x0000000110d9c000 	/Library/Java/JavaVirtualMachines/jdk-9.0.4.jdk/Contents/Home/lib/./libosxapp.dylib
0x00007fff3b48c000 	/System/Library/Frameworks/ExceptionHandling.framework/Versions/A/ExceptionHandling
0x0000000110ccf000 	/Library/Java/JavaVirtualMachines/jdk-9.0.4.jdk/Contents/Home/lib/libmanagement.dylib
0x0000000110cd4000 	/Library/Java/JavaVirtualMachines/jdk-9.0.4.jdk/Contents/Home/lib/libmanagement_ext.dylib

VM Arguments:
jvm_args: -agentlib:jdwp=transport=dt_socket,address=127.0.0.1:50458,suspend=y,server=n -Dfile.encoding=UTF-8 
java_command: MapServer
java_class_path (initial): /Users/sasha/Desktop/Computer Science/CS61B/sp18-bgw/library-sp18/javalib:/Users/sasha/Desktop/Computer Science/CS61B/sp18-bgw/proj3/target/classes:/Users/sasha/.m2/repository/com/sparkjava/spark-core/2.7.2/spark-core-2.7.2.jar:/Users/sasha/.m2/repository/org/slf4j/slf4j-api/1.7.13/slf4j-api-1.7.13.jar:/Users/sasha/.m2/repository/org/eclipse/jetty/jetty-server/9.4.8.v20171121/jetty-server-9.4.8.v20171121.jar:/Users/sasha/.m2/repository/javax/servlet/javax.servlet-api/3.1.0/javax.servlet-api-3.1.0.jar:/Users/sasha/.m2/repository/org/eclipse/jetty/jetty-http/9.4.8.v20171121/jetty-http-9.4.8.v20171121.jar:/Users/sasha/.m2/repository/org/eclipse/jetty/jetty-util/9.4.8.v20171121/jetty-util-9.4.8.v20171121.jar:/Users/sasha/.m2/repository/org/eclipse/jetty/jetty-io/9.4.8.v20171121/jetty-io-9.4.8.v20171121.jar:/Users/sasha/.m2/repository/org/eclipse/jetty/jetty-webapp/9.4.8.v20171121/jetty-webapp-9.4.8.v20171121.jar:/Users/sasha/.m2/repository/org/eclipse/jetty/jetty-xml/9.4.8.v20171121/jetty-xml-9.4.8.v20171121.jar:/Users/sasha/.m2/repository/org/eclipse/jetty/jetty-servlet/9.4.8.v20171121/jetty-servlet-9.4.8.v20171121.jar:/Users/sasha/.m2/repository/org/eclipse/jetty/jetty-security/9.4.8.v20171121/jetty-security-9.4.8.v20171121.jar:/Users/sasha/.m2/repository/org/eclipse/jetty/websocket/websocket-server/9.4.8.v20171121/websocket-server-9.4.8.v20171121.jar:/Users/sasha/.m2/repository/org/eclipse/jetty/websocket/websocket-common/9.4.8.v20171121/websocket-common-9.4.8.v20171121.jar:/Users/sasha/.m2/repository/org/eclipse/jetty/websocket/websocket-client/9.4.8.v20171121/websocket-client-9.4.8.v20171121.jar:/Users/sasha/.m2/repository/org/eclipse/jetty/jetty-client/9.4.8.v20171121/jetty-client-9.4.8.v20171121.jar:/Users/sasha/.m2/repository/org/eclipse/jetty/websocket/websocket-servlet/9.4.8.v20171121/websocket-servlet-9.4.8.v20171121.jar:/Users/sasha/.m2/repository/org/eclipse/jetty/websocket/websocket-api/9.4.8.v20171121/websocket-api-9.4.8.v2017
Launcher Type: SUN_STANDARD

Logging:
Log output configuration:
#0: stdout all=warning uptime,level,tags
#1: stderr all=off uptime,level,tags

Environment Variables:
PATH=/Library/Frameworks/Python.framework/Versions/3.6/bin:/Applications/anaconda/bin:/anaconda/bin:/Library/Frameworks/Python.framework/Versions/3.6/bin:/usr/local/bin:/usr/bin:/bin:/usr/sbin:/sbin:/Library/TeX/texbin
SHELL=/bin/bash

Signal Handlers:
SIGSEGV: [libjvm.dylib+0x73f3dc], sa_mask[0]=11111111011111110111111111111111, sa_flags=SA_ONSTACK|SA_RESTART|SA_SIGINFO
SIGBUS: [libjvm.dylib+0x73f3dc], sa_mask[0]=11111111011111110111111111111111, sa_flags=SA_RESTART|SA_SIGINFO
SIGFPE: [libjvm.dylib+0x73f3dc], sa_mask[0]=11111111011111110111111111111111, sa_flags=SA_RESTART|SA_SIGINFO
SIGPIPE: [libjvm.dylib+0x5f233c], sa_mask[0]=11111111011111110111111111111111, sa_flags=SA_RESTART|SA_SIGINFO
SIGXFSZ: [libjvm.dylib+0x5f233c], sa_mask[0]=11111111011111110111111111111111, sa_flags=SA_RESTART|SA_SIGINFO
SIGILL: [libjvm.dylib+0x73f3dc], sa_mask[0]=11111111011111110111111111111111, sa_flags=SA_RESTART|SA_SIGINFO
SIGUSR2: [libjvm.dylib+0x5f2bcc], sa_mask[0]=00100000000000000000000000000000, sa_flags=SA_RESTART|SA_SIGINFO
SIGHUP: [libjvm.dylib+0x5f1409], sa_mask[0]=11111111011111110111111111111111, sa_flags=SA_RESTART|SA_SIGINFO
SIGINT: [libjvm.dylib+0x5f1409], sa_mask[0]=11111111011111110111111111111111, sa_flags=SA_RESTART|SA_SIGINFO
SIGTERM: [libjvm.dylib+0x5f1409], sa_mask[0]=11111111011111110111111111111111, sa_flags=SA_RESTART|SA_SIGINFO
SIGQUIT: [libjvm.dylib+0x5f1409], sa_mask[0]=11111111011111110111111111111111, sa_flags=SA_RESTART|SA_SIGINFO


---------------  S Y S T E M  ---------------

OS:uname:Darwin 17.4.0 Darwin Kernel Version 17.4.0: Sun Dec 17 09:19:54 PST 2017; root:xnu-4570.41.2~1/RELEASE_X86_64 x86_64
rlimit: STACK 8192k, CORE 0k, NPROC 1418, NOFILE 10240, AS infinity
load average:5.39 7.08 6.99

CPU:total 8 (initial active 8) (4 cores per cpu, 2 threads per core) family 6 model 94 stepping 3, cmov, cx8, fxsr, mmx, sse, sse2, sse3, ssse3, sse4.1, sse4.2, popcnt, avx, avx2, aes, clmul, erms, rtm, 3dnowpref, lzcnt, ht, tsc, tscinvbit, bmi1, bmi2, adx, fma

Memory: 4k page, physical 16777216k(2041520k free)

vm_info: Java HotSpot(TM) 64-Bit Server VM (9.0.4+11) for bsd-amd64 JRE (9.0.4+11), built on Dec 20 2017 02:08:50 by "mach5one" with gcc 4.2.1 Compatible Apple LLVM 6.1.0 (clang-602.0.49)

END.
